2025-06-26 15:54:15+0300: Running with following config:
allowResignation = false
allowedBoardSizes = 19-19
dataBoardLen = 19
lagBuffer = 1.0
logAllGTPCommunication = true
logDir = gtp_logs
logSearchInfo = true
logSearchInfoForChosenMove = false
logToStderr = false
maxApproxRowsPerTrainFile = 1000
maxPlayouts = 1
maxTimePondering = 60.0
numAnalysisThreads = 1
numSearchThreads = 6
ponderingEnabled = false
resignConsecTurns = 3
resignThreshold = -0.90
rules = tromp-taylor
searchFactorAfterOnePass = 0.50
searchFactorAfterTwoPass = 0.25
searchFactorWhenWinning = 0.40
searchFactorWhenWinningThreshold = 0.95

2025-06-26 15:54:15+0300: Analysis Engine starting...
2025-06-26 15:54:15+0300: KataGo v1.15.3
2025-06-26 15:54:15+0300: nnRandSeed0 = 14889862744542568381
2025-06-26 15:54:15+0300: After dedups: nnModelFile0 = /home/cmk/katago/kata1-b10c128.txt.gz useFP16 auto useNHWC auto
2025-06-26 15:54:15+0300: Initializing neural net buffer to be size 19 * 19 allowing smaller boards
2025-06-26 15:54:16+0300: Eigen (CPU) backend thread 0: Model version 8
2025-06-26 15:54:16+0300: Eigen (CPU) backend thread 0: Model name: b10c128-s1141046784-d204142634
2025-06-26 15:54:16+0300: Eigen (CPU) backend thread 3: Model version 8
2025-06-26 15:54:16+0300: Eigen (CPU) backend thread 3: Model name: b10c128-s1141046784-d204142634
2025-06-26 15:54:16+0300: Eigen (CPU) backend thread 1: Model version 8
2025-06-26 15:54:16+0300: Eigen (CPU) backend thread 1: Model name: b10c128-s1141046784-d204142634
2025-06-26 15:54:16+0300: Eigen (CPU) backend thread 2: Model version 8
2025-06-26 15:54:16+0300: Eigen (CPU) backend thread 2: Model name: b10c128-s1141046784-d204142634
2025-06-26 15:54:16+0300: --------------
2025-06-26 15:54:16+0300: WARNING: Config had unused keys! You may have a typo, an option you specified is being unused from /home/cmk/katago/gtp.cfg
2025-06-26 15:54:16+0300: WARNING: Unused key 'allowResignation' in /home/cmk/katago/gtp.cfg
2025-06-26 15:54:16+0300: WARNING: Unused key 'allowedBoardSizes' in /home/cmk/katago/gtp.cfg
2025-06-26 15:54:16+0300: WARNING: Unused key 'dataBoardLen' in /home/cmk/katago/gtp.cfg
2025-06-26 15:54:16+0300: WARNING: Unused key 'logAllGTPCommunication' in /home/cmk/katago/gtp.cfg
2025-06-26 15:54:16+0300: WARNING: Unused key 'logSearchInfoForChosenMove' in /home/cmk/katago/gtp.cfg
2025-06-26 15:54:16+0300: WARNING: Unused key 'maxApproxRowsPerTrainFile' in /home/cmk/katago/gtp.cfg
2025-06-26 15:54:16+0300: WARNING: Unused key 'ponderingEnabled' in /home/cmk/katago/gtp.cfg
2025-06-26 15:54:16+0300: WARNING: Unused key 'resignConsecTurns' in /home/cmk/katago/gtp.cfg
2025-06-26 15:54:16+0300: WARNING: Unused key 'resignThreshold' in /home/cmk/katago/gtp.cfg
2025-06-26 15:54:16+0300: WARNING: Unused key 'rules' in /home/cmk/katago/gtp.cfg
2025-06-26 15:54:16+0300: WARNING: Unused key 'searchFactorWhenWinning' in /home/cmk/katago/gtp.cfg
2025-06-26 15:54:16+0300: WARNING: Unused key 'searchFactorWhenWinningThreshold' in /home/cmk/katago/gtp.cfg
2025-06-26 15:54:16+0300: --------------
2025-06-26 15:54:16+0300: Loaded config /home/cmk/katago/gtp.cfg
2025-06-26 15:54:16+0300: Loaded model /home/cmk/katago/kata1-b10c128.txt.gz
2025-06-26 15:54:16+0300: Analyzing up to 1 positions at a time in parallel
2025-06-26 15:54:16+0300: Started, ready to begin handling requests
2025-06-26 15:54:16+0300: MoveNum: 1 HASH: 20D027FF3D8F63642B79C3F658C233F1
   A B C D E F G H J K L M N O P Q R S T
19 . . . . . . . . . . . . . . . . . . .
18 . . . . . . . . . . . . . . . . . . .
17 . . . . . . . . . . . . . . . . . . .
16 . . . . . . . . . . . . . . . . . . .
15 . . . . . . . . . . . . . . . . . . .
14 . . . . . . . . . . . . . . . . . . .
13 . . . . . . . . . . . . . . . . . . .
12 . . . . . . . . . . . . . . . . . . .
11 . . . . . . . . . . . . . . . . . . .
10 . . . . . . . . . . . . . . . . . . .
 9 . . . . . . . . . . . . . . . . . . .
 8 . . . . . . . . . . . . . . . . . . .
 7 . . . . . . . . . . . . . . . . . . .
 6 . . . . . . . . . . . . . . . . . . .
 5 . . . . . . . . . . . . . . . . . . .
 4 . . . X1. . . . . . . . . . . . . . .
 3 . . . . . . . . . . . . . . . . . . .
 2 . . . . . . . . . . . . . . . . . . .
 1 . . . . . . . . . . . . . . . . . . .

koSIMPLEscoreAREAtaxNONEsui0whbNfpok1komi6.5
Root visits: 1
New playouts: 1
NN rows: 1
NN batches: 1
NN avg batch size: 1
PV: D16
Tree:
: T -10.95c W -10.59c S  -0.36c ( -1.4 L  -0.8) N       1  --  D16
---White(^)---

2025-06-26 15:54:17+0300: MoveNum: 2 HASH: EB5B48764F3CF87F19236A45508C4ACB
   A B C D E F G H J K L M N O P Q R S T
19 . . . . . . . . . . . . . . . . . . .
18 . . . . . . . . . . . . . . . . . . .
17 . . . . . . . . . . . . . . . . . . .
16 . . . . . . . . . . . . . . . O2. . .
15 . . . . . . . . . . . . . . . . . . .
14 . . . . . . . . . . . . . . . . . . .
13 . . . . . . . . . . . . . . . . . . .
12 . . . . . . . . . . . . . . . . . . .
11 . . . . . . . . . . . . . . . . . . .
10 . . . . . . . . . . . . . . . . . . .
 9 . . . . . . . . . . . . . . . . . . .
 8 . . . . . . . . . . . . . . . . . . .
 7 . . . . . . . . . . . . . . . . . . .
 6 . . . . . . . . . . . . . . . . . . .
 5 . . . . . . . . . . . . . . . . . . .
 4 . . . X1. . . . . . . . . . . . . . .
 3 . . . . . . . . . . . . . . . . . . .
 2 . . . . . . . . . . . . . . . . . . .
 1 . . . . . . . . . . . . . . . . . . .

koSIMPLEscoreAREAtaxNONEsui0whbNfpok1komi6.5
Root visits: 1
New playouts: 1
NN rows: 2
NN batches: 2
NN avg batch size: 1
PV: Q4
Tree:
: T   5.35c W   5.15c S   0.21c ( +0.8 L  +0.4) N       1  --  Q4
---Black(^)---

2025-06-26 15:54:17+0300: MoveNum: 3 HASH: ABE8C8E42B2E2035E1349826078FDC53
   A B C D E F G H J K L M N O P Q R S T
19 . . . . . . . . . . . . . . . . . . .
18 . . . . . . . . . . . . . . . . . . .
17 . . . . . . . . . . . . . . . . . . .
16 . . . . . . . . . . . . . . . O2. . .
15 . . . . . . . . . . . . . . . . . . .
14 . . . . . . . . . . . . . . . . . . .
13 . . . . . . . . . . . . . . . . . . .
12 . . . . . . . . . . . . . . . . . . .
11 . . . . . . . . . . . . . . . . . . .
10 . . . . . . . . . . . . . . . . . . .
 9 . . . . . . . . . . . . . . . . . . .
 8 . . . . . . . . . . . . . . . . . . .
 7 . . . . . . . . . . . . . . . . . . .
 6 . . . . . . . . . . . . . . . . . . .
 5 . . . . . . . . . . . . . . . . . . .
 4 . . . X1. . . . . . . . . . . X3. . .
 3 . . . . . . . . . . . . . . . . . . .
 2 . . . . . . . . . . . . . . . . . . .
 1 . . . . . . . . . . . . . . . . . . .

koSIMPLEscoreAREAtaxNONEsui0whbNfpok1komi6.5
Root visits: 1
New playouts: 1
NN rows: 3
NN batches: 3
NN avg batch size: 1
PV: D16
Tree:
: T  -9.32c W  -8.97c S  -0.35c ( -1.3 L  -0.7) N       1  --  D16
---White(^)---

2025-06-26 15:54:17+0300: MoveNum: 4 HASH: 3CD17E2396E374FFBEBB1296A475A85B
   A B C D E F G H J K L M N O P Q R S T
19 . . . . . . . . . . . . . . . . . . .
18 . . . . . . . . . . . . . . . . . . .
17 . . . . . . . . . . . . . . . . . . .
16 . . O3. . . . . . . . . . . . O1. . .
15 . . . . . . . . . . . . . . . . . . .
14 . . . . . . . . . . . . . . . . . . .
13 . . . . . . . . . . . . . . . . . . .
12 . . . . . . . . . . . . . . . . . . .
11 . . . . . . . . . . . . . . . . . . .
10 . . . . . . . . . . . . . . . . . . .
 9 . . . . . . . . . . . . . . . . . . .
 8 . . . . . . . . . . . . . . . . . . .
 7 . . . . . . . . . . . . . . . . . . .
 6 . . . . . . . . . . . . . . . . . . .
 5 . . . . . . . . . . . . . . . . . . .
 4 . . . X . . . . . . . . . . . X2. . .
 3 . . . . . . . . . . . . . . . . . . .
 2 . . . . . . . . . . . . . . . . . . .
 1 . . . . . . . . . . . . . . . . . . .

koSIMPLEscoreAREAtaxNONEsui0whbNfpok1komi6.5
Root visits: 1
New playouts: 1
NN rows: 4
NN batches: 4
NN avg batch size: 1
PV: R17
Tree:
: T   1.01c W   0.97c S   0.04c ( +0.2 L  -0.0) N       1  --  R17
---Black(^)---

2025-06-26 15:54:17+0300: MoveNum: 5 HASH: CF43555F347241740B416A7BDE3D14B1
   A B C D E F G H J K L M N O P Q R S T
19 . . . . . . . . . . . . . . . . . . .
18 . . . . . . . . . . . . . . . . . . .
17 . . . . . . . . . . . . . X3. . . . .
16 . . O2. . . . . . . . . . . . O . . .
15 . . . . . . . . . . . . . . . . . . .
14 . . . . . . . . . . . . . . . . . . .
13 . . . . . . . . . . . . . . . . . . .
12 . . . . . . . . . . . . . . . . . . .
11 . . . . . . . . . . . . . . . . . . .
10 . . . . . . . . . . . . . . . . . . .
 9 . . . . . . . . . . . . . . . . . . .
 8 . . . . . . . . . . . . . . . . . . .
 7 . . . . . . . . . . . . . . . . . . .
 6 . . . . . . . . . . . . . . . . . . .
 5 . . . . . . . . . . . . . . . . . . .
 4 . . . X . . . . . . . . . . . X1. . .
 3 . . . . . . . . . . . . . . . . . . .
 2 . . . . . . . . . . . . . . . . . . .
 1 . . . . . . . . . . . . . . . . . . .

koSIMPLEscoreAREAtaxNONEsui0whbNfpok1komi6.5
Root visits: 1
New playouts: 1
NN rows: 5
NN batches: 5
NN avg batch size: 1
PV: F17
Tree:
: T  -4.86c W  -4.66c S  -0.20c ( -0.7 L  -0.4) N       1  --  F17
---White(^)---

2025-06-26 15:54:17+0300: MoveNum: 6 HASH: 17C5A8958F36F51B9397BE3C0D577AC3
   A B C D E F G H J K L M N O P Q R S T
19 . . . . . . . . . . . . . . . . . . .
18 . . . . . . . . . . . . . . . . . . .
17 . . . . . . . . . . . . . X2. . . . .
16 . . O1. . . . . . . . . . . . O . . .
15 . . . . . . . . . . . . . . . . . . .
14 . . . . . . . . . . . . . . . . . . .
13 . . . . . . . . . . . . . . . . . . .
12 . . . . . . . . . . . . . . . . . . .
11 . . . . . . . . . . . . . . . . . . .
10 . . . . . . . . . . . . . . . . . . .
 9 . . . . . . . . . . . . . . . . . . .
 8 . . . . . . . . . . . . . . . . . . .
 7 . . . . . . . . . . . . . . . . . . .
 6 . . . . . . . . . . . . . . . . . . .
 5 . . . . . . . . . . . . . . . . . . .
 4 . . . X . . . . . . . . . . . X . . .
 3 . . . . . . . . . . . . . . . . O3. .
 2 . . . . . . . . . . . . . . . . . . .
 1 . . . . . . . . . . . . . . . . . . .

koSIMPLEscoreAREAtaxNONEsui0whbNfpok1komi6.5
Root visits: 1
New playouts: 1
NN rows: 6
NN batches: 6
NN avg batch size: 1
PV: Q3
Tree:
: T   1.16c W   1.11c S   0.05c ( +0.2 L  +0.0) N       1  --  Q3
---Black(^)---

2025-06-26 15:54:17+0300: MoveNum: 7 HASH: F28540B7003DC51C01AD9EF12A948092
   A B C D E F G H J K L M N O P Q R S T
19 . . . . . . . . . . . . . . . . . . .
18 . . . . . . . . . . . . . . . . . . .
17 . . . . . . . . . . . . . X1. . X3. .
16 . . O . . . . . . . . . . . . O . . .
15 . . . . . . . . . . . . . . . . . . .
14 . . . . . . . . . . . . . . . . . . .
13 . . . . . . . . . . . . . . . . . . .
12 . . . . . . . . . . . . . . . . . . .
11 . . . . . . . . . . . . . . . . . . .
10 . . . . . . . . . . . . . . . . . . .
 9 . . . . . . . . . . . . . . . . . . .
 8 . . . . . . . . . . . . . . . . . . .
 7 . . . . . . . . . . . . . . . . . . .
 6 . . . . . . . . . . . . . . . . . . .
 5 . . . . . . . . . . . . . . . . . . .
 4 . . . X . . . . . . . . . . . X . . .
 3 . . . . . . . . . . . . . . . . O2. .
 2 . . . . . . . . . . . . . . . . . . .
 1 . . . . . . . . . . . . . . . . . . .

koSIMPLEscoreAREAtaxNONEsui0whbNfpok1komi6.5
Root visits: 1
New playouts: 1
NN rows: 7
NN batches: 7
NN avg batch size: 1
PV: Q17
Tree:
: T  -4.57c W  -4.40c S  -0.17c ( -0.7 L  -0.3) N       1  --  Q17
---White(^)---

2025-06-26 15:54:17+0300: MoveNum: 8 HASH: 510766A9E0FD5C4564198D7C212F1637
   A B C D E F G H J K L M N O P Q R S T
19 . . . . . . . . . . . . . . . . . . .
18 . . . . . . . . . . . . . . . . . . .
17 . . . . . . . . . . . . . X . . X2. .
16 . . O . . . . . . . . . . . . O O3. .
15 . . . . . . . . . . . . . . . . . . .
14 . . . . . . . . . . . . . . . . . . .
13 . . . . . . . . . . . . . . . . . . .
12 . . . . . . . . . . . . . . . . . . .
11 . . . . . . . . . . . . . . . . . . .
10 . . . . . . . . . . . . . . . . . . .
 9 . . . . . . . . . . . . . . . . . . .
 8 . . . . . . . . . . . . . . . . . . .
 7 . . . . . . . . . . . . . . . . . . .
 6 . . . . . . . . . . . . . . . . . . .
 5 . . . . . . . . . . . . . . . . . . .
 4 . . . X . . . . . . . . . . . X . . .
 3 . . . . . . . . . . . . . . . . O1. .
 2 . . . . . . . . . . . . . . . . . . .
 1 . . . . . . . . . . . . . . . . . . .

koSIMPLEscoreAREAtaxNONEsui0whbNfpok1komi6.5
Root visits: 1
New playouts: 1
NN rows: 8
NN batches: 8
NN avg batch size: 1
PV: Q17
Tree:
: T   5.13c W   4.95c S   0.18c ( +0.7 L  +0.4) N       1  --  Q17
---Black(^)---

2025-06-26 15:54:17+0300: MoveNum: 9 HASH: 25EF3D61B998195F14D05BC3FE24E402
   A B C D E F G H J K L M N O P Q R S T
19 . . . . . . . . . . . . . . . . . . .
18 . . . . . . . . . . . . . . . . . . .
17 . . . . . . . . . . . . . X . X3X1. .
16 . . O . . . . . . . . . . . . O O2. .
15 . . . . . . . . . . . . . . . . . . .
14 . . . . . . . . . . . . . . . . . . .
13 . . . . . . . . . . . . . . . . . . .
12 . . . . . . . . . . . . . . . . . . .
11 . . . . . . . . . . . . . . . . . . .
10 . . . . . . . . . . . . . . . . . . .
 9 . . . . . . . . . . . . . . . . . . .
 8 . . . . . . . . . . . . . . . . . . .
 7 . . . . . . . . . . . . . . . . . . .
 6 . . . . . . . . . . . . . . . . . . .
 5 . . . . . . . . . . . . . . . . . . .
 4 . . . X . . . . . . . . . . . X . . .
 3 . . . . . . . . . . . . . . . . O . .
 2 . . . . . . . . . . . . . . . . . . .
 1 . . . . . . . . . . . . . . . . . . .

koSIMPLEscoreAREAtaxNONEsui0whbNfpok1komi6.5
Root visits: 1
New playouts: 1
NN rows: 9
NN batches: 9
NN avg batch size: 1
PV: P16
Tree:
: T  -3.44c W  -3.29c S  -0.15c ( -0.5 L  -0.2) N       1  --  P16
---White(^)---

2025-06-26 15:54:17+0300: MoveNum: 10 HASH: C5AF23821F85405A91B6AA8513495CC5
   A B C D E F G H J K L M N O P Q R S T
19 . . . . . . . . . . . . . . . . . . .
18 . . . . . . . . . . . . . . . . . . .
17 . . . . . . . . . . . . . X . X2X . .
16 . . O . . . . . . . . . . . . O O1. .
15 . . . . . . . . . . . . . . . . . . .
14 . . . . . . . . . . . . . . . . . . .
13 . . . . . . . . . . . . . . . . . . .
12 . . . . . . . . . . . . . . . . O3. .
11 . . . . . . . . . . . . . . . . . . .
10 . . . . . . . . . . . . . . . . . . .
 9 . . . . . . . . . . . . . . . . . . .
 8 . . . . . . . . . . . . . . . . . . .
 7 . . . . . . . . . . . . . . . . . . .
 6 . . . . . . . . . . . . . . . . . . .
 5 . . . . . . . . . . . . . . . . . . .
 4 . . . X . . . . . . . . . . . X . . .
 3 . . . . . . . . . . . . . . . . O . .
 2 . . . . . . . . . . . . . . . . . . .
 1 . . . . . . . . . . . . . . . . . . .

koSIMPLEscoreAREAtaxNONEsui0whbNfpok1komi6.5
Root visits: 1
New playouts: 1
NN rows: 10
NN batches: 10
NN avg batch size: 1
PV: Q3
Tree:
: T  21.53c W  20.78c S   0.75c ( +2.8 L  +1.9) N       1  --  Q3
---Black(^)---

2025-06-26 15:54:17+0300: MoveNum: 11 HASH: F9FCB5C5A9E2A8E6C9BDF62BD71DA53C
   A B C D E F G H J K L M N O P Q R S T
19 . . . . . . . . . . . . . . . . . . .
18 . . . . . . . . . . . . . . . . . . .
17 . . . . . . . . . . . . . X . X1X . .
16 . . O . . . . . . . . . . . . O O . .
15 . . . . . . . . . . . . . . . . . . .
14 . . . . . . . . . . . . . . . . . . .
13 . . . . . . . . . . . . . . . . . . .
12 . . . . . . . . . . . . . . . . O2. .
11 . . . . . . . . . . . . . . . . . . .
10 . . . . . . . . . . . . . . . . . . .
 9 . . . . . . . . . . . . . . . . . . .
 8 . . . . . . . . . . . . . . . . . . .
 7 . . . . . . . . . . . . . . . . . . .
 6 . . . . . . . . . . . . . . . . . . .
 5 . . . . . . . . . . . . . . . . . . .
 4 . . . X . . . . . . . . . . . X X3. .
 3 . . . . . . . . . . . . . . . . O . .
 2 . . . . . . . . . . . . . . . . . . .
 1 . . . . . . . . . . . . . . . . . . .

koSIMPLEscoreAREAtaxNONEsui0whbNfpok1komi6.5
Root visits: 1
New playouts: 1
NN rows: 11
NN batches: 11
NN avg batch size: 1
PV: Q3
Tree:
: T -16.75c W -16.18c S  -0.57c ( -2.1 L  -1.2) N       1  --  Q3
---White(^)---

2025-06-26 15:54:17+0300: MoveNum: 12 HASH: 07881D6CBDCB0FB7CC5EA14F18366DDC
   A B C D E F G H J K L M N O P Q R S T
19 . . . . . . . . . . . . . . . . . . .
18 . . . . . . . . . . . . . . . . . . .
17 . . . . . . . . . . . . . X . X X . .
16 . . O . . . . . . . . . . . . O O . .
15 . . . . . . . . . . . . . . . . . . .
14 . . . . . . . . . . . . . . . . . . .
13 . . . . . . . . . . . . . . . . . . .
12 . . . . . . . . . . . . . . . . O1. .
11 . . . . . . . . . . . . . . . . . . .
10 . . . . . . . . . . . . . . . . . . .
 9 . . . . . . . . . . . . . . . . . . .
 8 . . . . . . . . . . . . . . . . . . .
 7 . . . . . . . . . . . . . . . . . . .
 6 . . . . . . . . . . . . . . . . . . .
 5 . . . . . . . . . . . . . . . . . . .
 4 . . . X . . . . . . . . . . . X X2. .
 3 . . . . . . . . . . . . . . . O3O . .
 2 . . . . . . . . . . . . . . . . . . .
 1 . . . . . . . . . . . . . . . . . . .

koSIMPLEscoreAREAtaxNONEsui0whbNfpok1komi6.5
Root visits: 1
New playouts: 1
NN rows: 12
NN batches: 12
NN avg batch size: 1
PV: O3
Tree:
: T  12.17c W  11.75c S   0.42c ( +1.6 L  +1.0) N       1  --  O3
---Black(^)---

2025-06-26 15:54:17+0300: MoveNum: 13 HASH: 098372F780AE9350E2CBE2C64EAF333B
   A B C D E F G H J K L M N O P Q R S T
19 . . . . . . . . . . . . . . . . . . .
18 . . . . . . . . . . . . . . . . . . .
17 . . . . . . . . . . . . . X . X X . .
16 . . O . . . . . . . . . . . . O O . .
15 . . . . . . . . . . . . . . . . . . .
14 . . . . . . . . . . . . . . . . . . .
13 . . . . . . . . . . . . . . . . . . .
12 . . . . . . . . . . . . . . . . O . .
11 . . . . . . . . . . . . . . . . . . .
10 . . . . . . . . . . . . . . . . . . .
 9 . . . . . . . . . . . . . . . . . . .
 8 . . . . . . . . . . . . . . . . . . .
 7 . . . . . . . . . . . . . . . . . . .
 6 . . . . . . . . . . . . . . . . . . .
 5 . . . . . . . . . . . . . . . . . . .
 4 . . . X . . . . . . . . . . X3X X1. .
 3 . . . . . . . . . . . . . . . O2O . .
 2 . . . . . . . . . . . . . . . . . . .
 1 . . . . . . . . . . . . . . . . . . .

koSIMPLEscoreAREAtaxNONEsui0whbNfpok1komi6.5
Root visits: 1
New playouts: 1
NN rows: 13
NN batches: 13
NN avg batch size: 1
PV: O2
Tree:
: T -14.10c W -13.58c S  -0.51c ( -1.9 L  -1.1) N       1  --  O2
---White(^)---

2025-06-26 15:54:17+0300: MoveNum: 14 HASH: A2F42005DBD7078138EA07DDC85522A9
   A B C D E F G H J K L M N O P Q R S T
19 . . . . . . . . . . . . . . . . . . .
18 . . . . . . . . . . . . . . . . . . .
17 . . . . . . . . . . . . . X . X X . .
16 . . O . . . . . . . . . . . . O O . .
15 . . . . . . . . . . . . . . . . . . .
14 . . . . . . . . . . . . . . . . . . .
13 . . . . . . . . . . . . . . . . . . .
12 . . . . . . . . . . . . . . . . O . .
11 . . . . . . . . . . . . . . . . . . .
10 . . . . . . . . . . . . . . . . . . .
 9 . . . . . . . . . . . . . . . . . . .
 8 . . . . . . . . . . . . . . . . . . .
 7 . . . . . . . . . . . . . . . . . . .
 6 . . . . . . . . . . . . . . . . . . .
 5 . . . . . . . . . . . . . . . . . . .
 4 . . . X . . . . . . . . . . X2X X . .
 3 . . . . . . . . . . . . . . O3O1O . .
 2 . . . . . . . . . . . . . . . . . . .
 1 . . . . . . . . . . . . . . . . . . .

koSIMPLEscoreAREAtaxNONEsui0whbNfpok1komi6.5
Root visits: 1
New playouts: 1
NN rows: 14
NN batches: 14
NN avg batch size: 1
PV: O3
Tree:
: T  15.10c W  14.57c S   0.53c ( +2.0 L  +1.2) N       1  --  O3
---Black(^)---

2025-06-26 15:54:17+0300: MoveNum: 15 HASH: FD47028FB424FBC2D28376C05889752D
   A B C D E F G H J K L M N O P Q R S T
19 . . . . . . . . . . . . . . . . . . .
18 . . . . . . . . . . . . . . . . . . .
17 . . . . . . . . . . . . . X . X X . .
16 . . O . . . . . . . . . . . . O O . .
15 . . . . . . . . . . . . . . . . . . .
14 . . . . . . . . . . . . . . . . . . .
13 . . . . . . . . . . . . . . . . . . .
12 . . . . . . . . . . . . . . . . O . .
11 . . . . . . . . . . . . . . . . . . .
10 . . . . . . . . . . . . . . . . . . .
 9 . . . . . . . . . . . . . . . . . . .
 8 . . . . . . . . . . . . . . . . X3. .
 7 . . . . . . . . . . . . . . . . . . .
 6 . . . . . . . . . . . . . . . . . . .
 5 . . . . . . . . . . . . . . . . . . .
 4 . . . X . . . . . . . . . . X1X X . .
 3 . . . . . . . . . . . . . . O2O O . .
 2 . . . . . . . . . . . . . . . . . . .
 1 . . . . . . . . . . . . . . . . . . .

koSIMPLEscoreAREAtaxNONEsui0whbNfpok1komi6.5
Root visits: 1
New playouts: 1
NN rows: 15
NN batches: 15
NN avg batch size: 1
PV: P16
Tree:
: T   2.96c W   2.89c S   0.07c ( +0.3 L  +0.3) N       1  --  P16
---White(^)---

2025-06-26 15:54:17+0300: MoveNum: 16 HASH: 880ABFBA5821E5630DABBC813FC1B4CF
   A B C D E F G H J K L M N O P Q R S T
19 . . . . . . . . . . . . . . . . . . .
18 . . . . . . . . . . . . . . . . . . .
17 . . . . . . . . . . . . . X . X X . .
16 . . O . . . . . . . . . . . . O O . .
15 . . . . . . . . . . . . . . . . . . .
14 . . . . . . . . . . . . . . . . . . .
13 . . . . . . . . . . . . . . . . . . .
12 . . . . . . . . . . . . . . . . O . .
11 . . . . . . . . . . . . . . . . . . .
10 . . . . . . . . . . . . . . . . . . .
 9 . . . . . . . . . . . . . . . . O3. .
 8 . . . . . . . . . . . . . . . . X2. .
 7 . . . . . . . . . . . . . . . . . . .
 6 . . . . . . . . . . . . . . . . . . .
 5 . . . . . . . . . . . . . . . . . . .
 4 . . . X . . . . . . . . . . X X X . .
 3 . . . . . . . . . . . . . . O1O O . .
 2 . . . . . . . . . . . . . . . . . . .
 1 . . . . . . . . . . . . . . . . . . .

koSIMPLEscoreAREAtaxNONEsui0whbNfpok1komi6.5
Root visits: 1
New playouts: 1
NN rows: 16
NN batches: 16
NN avg batch size: 1
PV: P16
Tree:
: T  14.01c W  13.52c S   0.49c ( +1.8 L  +1.1) N       1  --  P16
---Black(^)---

2025-06-26 15:54:17+0300: MoveNum: 17 HASH: 32261B91D11E772B7DCC128C57F27B40
   A B C D E F G H J K L M N O P Q R S T
19 . . . . . . . . . . . . . . . . . . .
18 . . . . . . . . . . . . . . . . . . .
17 . . . . . . . . . . . . . X . X X . .
16 . . O . . . . . . . . . . . . O O . .
15 . . . . . . . . . . . . . . . . . . .
14 . . . . . . . . . . . . . . . . . . .
13 . . . . . . . . . . . . . . . . . . .
12 . . . . . . . . . . . . . . . . O . .
11 . . . . . . . . . . . . . . . . . . .
10 . . . . . . . . . . . . . . . . . . .
 9 . . . . . . . . . . . . . . . . O2X3.
 8 . . . . . . . . . . . . . . . . X1. .
 7 . . . . . . . . . . . . . . . . . . .
 6 . . . . . . . . . . . . . . . . . . .
 5 . . . . . . . . . . . . . . . . . . .
 4 . . . X . . . . . . . . . . X X X . .
 3 . . . . . . . . . . . . . . O O O . .
 2 . . . . . . . . . . . . . . . . . . .
 1 . . . . . . . . . . . . . . . . . . .

koSIMPLEscoreAREAtaxNONEsui0whbNfpok1komi6.5
Root visits: 1
New playouts: 1
NN rows: 17
NN batches: 17
NN avg batch size: 1
PV: P16
Tree:
: T  -8.52c W  -8.20c S  -0.32c ( -1.2 L  -0.7) N       1  --  P16
---White(^)---

2025-06-26 15:54:17+0300: MoveNum: 18 HASH: 3ECEBBFCD29441ACABF6DE1B090E986D
   A B C D E F G H J K L M N O P Q R S T
19 . . . . . . . . . . . . . . . . . . .
18 . . . . . . . . . . . . . . . . . . .
17 . . . . . . . . . . . . . X . X X . .
16 . . O . . . . . . . . . . . . O O . .
15 . . . . . . . . . . . . . . . . . . .
14 . . . . . . . . . . . . . . . . . . .
13 . . . . . . . . . . . . . . . . . . .
12 . . . . . . . . . . . . . . . . O . .
11 . . . . . . . . . . . . . . . . . . .
10 . . . . . . . . . . . . . . . . O3. .
 9 . . . . . . . . . . . . . . . . O1X2.
 8 . . . . . . . . . . . . . . . . X . .
 7 . . . . . . . . . . . . . . . . . . .
 6 . . . . . . . . . . . . . . . . . . .
 5 . . . . . . . . . . . . . . . . . . .
 4 . . . X . . . . . . . . . . X X X . .
 3 . . . . . . . . . . . . . . O O O . .
 2 . . . . . . . . . . . . . . . . . . .
 1 . . . . . . . . . . . . . . . . . . .

koSIMPLEscoreAREAtaxNONEsui0whbNfpok1komi6.5
Root visits: 1
New playouts: 1
NN rows: 18
NN batches: 18
NN avg batch size: 1
PV: O3
Tree:
: T  19.10c W  18.45c S   0.65c ( +2.4 L  +1.5) N       1  --  O3
---Black(^)---

2025-06-26 15:54:17+0300: MoveNum: 19 HASH: C1506A7F33770DC32FA11030BD8C9867
   A B C D E F G H J K L M N O P Q R S T
19 . . . . . . . . . . . . . . . . . . .
18 . . . . . . . . . . . . . . . . . . .
17 . . . . . . . . . . . . . X . X X . .
16 . . O . . . . . . . . . . . . O O . .
15 . . . . . . . . . . . . . . . . . . .
14 . . . . . . . . . . . . . . . . . . .
13 . . . . . . . . . . . . . . . . . . .
12 . . . . . . . . . . . . . . . . O . .
11 . . . . . . . . . . . . . . . . . . .
10 . . . . . . . . . . . . . . . . O2. .
 9 . . . . . . . . . . . . . . . . O X1.
 8 . . . . . . . . . . . . . . . X3X . .
 7 . . . . . . . . . . . . . . . . . . .
 6 . . . . . . . . . . . . . . . . . . .
 5 . . . . . . . . . . . . . . . . . . .
 4 . . . X . . . . . . . . . . X X X . .
 3 . . . . . . . . . . . . . . O O O . .
 2 . . . . . . . . . . . . . . . . . . .
 1 . . . . . . . . . . . . . . . . . . .

koSIMPLEscoreAREAtaxNONEsui0whbNfpok1komi6.5
Root visits: 1
New playouts: 1
NN rows: 19
NN batches: 19
NN avg batch size: 1
PV: P16
Tree:
: T  -0.51c W  -0.45c S  -0.06c ( -0.2 L  +0.0) N       1  --  P16
---White(^)---

2025-06-26 15:54:18+0300: MoveNum: 20 HASH: B4C825D5E56BA3E5AE80DCCD71504B68
   A B C D E F G H J K L M N O P Q R S T
19 . . . . . . . . . . . . . . . . . . .
18 . . . . . . . . . . . . . . . . . . .
17 . . . . . . . . . . . . . X . X X . .
16 . . O . . . . . . . . . . . . O O . .
15 . . . . . . . . . . . . . . . . . . .
14 . . . . . . . . . . . . . . . . . . .
13 . . . . . . . . . . . . . . . . . . .
12 . . . . . . . . . . . . . . . . O . .
11 . . . . . . . . . . . . . . . . . . .
10 . . . . . . . . . . . . . . . . O1O3.
 9 . . . . . . . . . . . . . . . . O X .
 8 . . . . . . . . . . . . . . . X2X . .
 7 . . . . . . . . . . . . . . . . . . .
 6 . . . . . . . . . . . . . . . . . . .
 5 . . . . . . . . . . . . . . . . . . .
 4 . . . X . . . . . . . . . . X X X . .
 3 . . . . . . . . . . . . . . O O O . .
 2 . . . . . . . . . . . . . . . . . . .
 1 . . . . . . . . . . . . . . . . . . .

koSIMPLEscoreAREAtaxNONEsui0whbNfpok1komi6.5
Root visits: 1
New playouts: 1
NN rows: 20
NN batches: 20
NN avg batch size: 1
PV: P16
Tree:
: T  28.99c W  28.03c S   0.97c ( +3.6 L  +2.4) N       1  --  P16
---Black(^)---

2025-06-26 15:54:18+0300: MoveNum: 21 HASH: 509EF68A26EBE3A4113C442AF1618565
   A B C D E F G H J K L M N O P Q R S T
19 . . . . . . . . . . . . . . . . . . .
18 . . . . . . . . . . . . . . . . . . .
17 . . . . . . . . . . . . . X . X X . .
16 . . O . . . . . . . . . . . . O O . .
15 . . . . . . . . . . . . . . . . . . .
14 . . . . . . . . . . . . . . . . . . .
13 . . . . . . . . . . . . . . . . . . .
12 . . . . . . . . . . . . . . . . O . .
11 . . . . . . . . . . . . . . . . . . .
10 . . . . . . . . . . . . . . . . O O2.
 9 . . . . . . . . . . . . . . . . O X .
 8 . . . . . . . . . . . . . . . X1X . .
 7 . . . . . . . . . . . . . . . . . . .
 6 . . . . . . . . . . . . . . . . . . .
 5 . . . . . . . . . . . . . . . . . . .
 4 . . . X . . . . . . . . . . X X X . .
 3 . . . . . . . . . . . . . . O O O X3.
 2 . . . . . . . . . . . . . . . . . . .
 1 . . . . . . . . . . . . . . . . . . .

koSIMPLEscoreAREAtaxNONEsui0whbNfpok1komi6.5
Root visits: 1
New playouts: 1
NN rows: 21
NN batches: 21
NN avg batch size: 1
PV: N3
Tree:
: T -19.45c W -18.79c S  -0.65c ( -2.4 L  -1.5) N       1  --  N3
---White(^)---

2025-06-26 15:54:18+0300: MoveNum: 22 HASH: D51F3A3CB5F4642A0B9AB7A5C1E8876D
   A B C D E F G H J K L M N O P Q R S T
19 . . . . . . . . . . . . . . . . . . .
18 . . . . . . . . . . . . . . . . . . .
17 . . . . . . . . . . . . . X . X X . .
16 . . O . . . . . . . . . . . . O O . .
15 . . . . . . . . . . . . . . . . . . .
14 . . . . . . . . . . . . . . . . . . .
13 . . . . . . . . . . . . . . . . . . .
12 . . . . . . . . . . . . . . . . O . .
11 . . . . . . . . . . . . . . . . . . .
10 . . . . . . . . . . . . . . . . O O1.
 9 . . . . . . . . . . . . . . . . O X .
 8 . . . . . . . . . . . . . . . X X . .
 7 . . . . . . . . . . . . . . . . . . .
 6 . . . . . . . . . . . . . . . . . . .
 5 . . . . . . . . . . . . . . . . . . .
 4 . . . X . . . . . . . . . . X X X . .
 3 . . . . . . . . . . . . . . O O O X2.
 2 . . . . . . . . . . . . . . . . . O3.
 1 . . . . . . . . . . . . . . . . . . .

koSIMPLEscoreAREAtaxNONEsui0whbNfpok1komi6.5
Root visits: 1
New playouts: 1
NN rows: 22
NN batches: 22
NN avg batch size: 1
PV: E17
Tree:
: T  15.34c W  14.79c S   0.55c ( +2.0 L  +1.2) N       1  --  E17
---Black(^)---

2025-06-26 15:54:18+0300: MoveNum: 23 HASH: 041385D20866FA406846247EC9471A78
   A B C D E F G H J K L M N O P Q R S T
19 . . . . . . . . . . . . . . . . . . .
18 . . . . . . . . . . . . . . . . . . .
17 . . . . . . . . . . . . . X . X X . .
16 . . O . . . . . . . . . . . . O O . .
15 . . . . . . . . . . . . . . . . . . .
14 . . . . . . . . . . . . . . . . . . .
13 . . . . . . . . . . . . . . . . . . .
12 . . . . . . . . . . . . . . . . O . .
11 . . . . . . . . . . . . . . . . . . .
10 . . . . . . . . . . . . . . . . O O .
 9 . . . . . . . . . . . . . . . . O X .
 8 . . . . . . . . . . . . . . . X X . .
 7 . . . . . . . . . . . . . . . . . . .
 6 . . . . . . . . . . . . . . . . . . .
 5 . . . . . . . . . . . . . . . . . . .
 4 . . . X . . . . . . . . . . X X X X3.
 3 . . . . . . . . . . . . . . O O O X1.
 2 . . . . . . . . . . . . . . . . . O2.
 1 . . . . . . . . . . . . . . . . . . .

koSIMPLEscoreAREAtaxNONEsui0whbNfpok1komi6.5
Root visits: 1
New playouts: 1
NN rows: 23
NN batches: 23
NN avg batch size: 1
PV: N3
Tree:
: T  -5.28c W  -5.06c S  -0.21c ( -0.8 L  -0.4) N       1  --  N3
---White(^)---

2025-06-26 15:54:18+0300: MoveNum: 24 HASH: 0617C0E75289B1B9AD6F47AF0B7ACE20
   A B C D E F G H J K L M N O P Q R S T
19 . . . . . . . . . . . . . . . . . . .
18 . . . . . . . . . . . . . . . . . . .
17 . . . . . . . . . . . . . X . X X . .
16 . . O . . . . . . . . . . . . O O . .
15 . . . . . . . . . . . . . . . . . . .
14 . . . . . . . . . . . . . . . . . . .
13 . . . . . . . . . . . . . . . . . . .
12 . . . . . . . . . . . . . . . . O . .
11 . . . . . . . . . . . . . . . . . . .
10 . . . . . . . . . . . . . . . . O O .
 9 . . . . . . . . . . . . . . . . O X .
 8 . . . . . . . . . . . . . . . X X . .
 7 . . . . . . . . . . . . . . . . . . .
 6 . . . . . . . . . . . . . . . . . . .
 5 . . . . . . . . . . . . . . . . . . .
 4 . . . X . . . . . . . . . O3X X X X2.
 3 . . . . . . . . . . . . . . O O O X .
 2 . . . . . . . . . . . . . . . . . O1.
 1 . . . . . . . . . . . . . . . . . . .

koSIMPLEscoreAREAtaxNONEsui0whbNfpok1komi6.5
Root visits: 1
New playouts: 1
NN rows: 24
NN batches: 24
NN avg batch size: 1
PV: P16
Tree:
: T  20.17c W  19.48c S   0.68c ( +2.5 L  +1.6) N       1  --  P16
---Black(^)---

2025-06-26 15:54:18+0300: MoveNum: 25 HASH: 0C758C9CC7788E1EEC26B2BF3776BF17
   A B C D E F G H J K L M N O P Q R S T
19 . . . . . . . . . . . . . . . . . . .
18 . . . . . . . . . . . . . . . . . . .
17 . . . . . . . . . . . . . X . X X . .
16 . . O . . . . . . . . . . . . O O . .
15 . . . . . . . . . . . . . . . . . . .
14 . . . . . . . . . . . . . . . . . . .
13 . . . . . . . . . . . . . . . . . . .
12 . . . . . . . . . . . . . . . . O . .
11 . . . . . . . . . . . . . . . . . . .
10 . . . . . . . . . . . . . . . . O O .
 9 . . . . . . . . . . . . . . . . O X .
 8 . . . . . . . . . . . . . . . X X . .
 7 . . . . . . . . . . . . . . . . . . .
 6 . . . . . . . . . . . . . . . . . . .
 5 . . . . . . . . . . . . . X3. . . . .
 4 . . . X . . . . . . . . . O2X X X X1.
 3 . . . . . . . . . . . . . . O O O X .
 2 . . . . . . . . . . . . . . . . . O .
 1 . . . . . . . . . . . . . . . . . . .

koSIMPLEscoreAREAtaxNONEsui0whbNfpok1komi6.5
Root visits: 1
New playouts: 1
NN rows: 25
NN batches: 25
NN avg batch size: 1
PV: N4
Tree:
: T  -1.31c W  -1.21c S  -0.10c ( -0.4 L  -0.1) N       1  --  N4
---White(^)---

2025-06-26 15:54:18+0300: MoveNum: 26 HASH: 96B7359DE198C84CF4006B84AC11C370
   A B C D E F G H J K L M N O P Q R S T
19 . . . . . . . . . . . . . . . . . . .
18 . . . . . . . . . . . . . . . . . . .
17 . . . . . . . . . . . . . X . X X . .
16 . . O . . . . . . . . . . . . O O . .
15 . . . . . . . . . . . . . . . . . . .
14 . . . . . . . . . . . . . . . . . . .
13 . . . . . . . . . . . . . . . . . . .
12 . . . . . . . . . . . . . . . . O . .
11 . . . . . . . . . . . . . . . . . . .
10 . . . . . . . . . . . . . . . . O O .
 9 . . . . . . . . . . . . . . . . O X .
 8 . . . . . . . . . . . . . . . X X . .
 7 . . . . . . . . . . . . . . . . . . .
 6 . . . . . . . . . . . . . . . . . . .
 5 . . . . . . . . . . . . . X2. . . . .
 4 . . . X . . . . . . . . O3O1X X X X .
 3 . . . . . . . . . . . . . . O O O X .
 2 . . . . . . . . . . . . . . . . . O .
 1 . . . . . . . . . . . . . . . . . . .

koSIMPLEscoreAREAtaxNONEsui0whbNfpok1komi6.5
Root visits: 1
New playouts: 1
NN rows: 26
NN batches: 26
NN avg batch size: 1
PV: E17
Tree:
: T   8.04c W   7.79c S   0.25c ( +0.9 L  +0.5) N       1  --  E17
---Black(^)---

2025-06-26 15:54:18+0300: MoveNum: 27 HASH: FD809435463AC28EEC47439B4D4841DF
   A B C D E F G H J K L M N O P Q R S T
19 . . . . . . . . . . . . . . . . . . .
18 . . . . . . . . . . . . . . . . . . .
17 . . . . . . . . . . . . . X . X X . .
16 . . O . . . . . . . . . . . . O O . .
15 . . . . . . . . . . . . . . . . . . .
14 . . . . . . . . . . . . . . . . . . .
13 . . . . . . . . . . . . . . . . . . .
12 . . . . . . . . . . . . . . . . O . .
11 . . . . . . . . . . . . . . . . . . .
10 . . . . . . . . . . . . . . . . O O .
 9 . . . . . . . . . . . . . . . . O X .
 8 . . . . . . . . . . . . . . . X X . .
 7 . . . . . . . . . . . . . . . . . . .
 6 . . . . . . . . . . . . . . . . . . .
 5 . . . . . . . . . . . . . X1. . . . .
 4 . . . X . . . . . . . . O2O X X X X .
 3 . . . . . . . . . . . . . . O O O X .
 2 . . . . . . . . . . . . . . . . . O X3
 1 . . . . . . . . . . . . . . . . . . .

koSIMPLEscoreAREAtaxNONEsui0whbNfpok1komi6.5
Root visits: 1
New playouts: 1
NN rows: 27
NN batches: 27
NN avg batch size: 1
PV: P16
Tree:
: T  25.75c W  24.94c S   0.81c ( +3.0 L  +2.1) N       1  --  P16
---White(^)---

2025-06-26 15:54:18+0300: MoveNum: 28 HASH: 26060A3566C70441CF765FAA68978BC2
   A B C D E F G H J K L M N O P Q R S T
19 . . . . . . . . . . . . . . . . . . .
18 . . . . . . . . . . . . . . . . . . .
17 . . . . . . . . . . . . . X . X X . .
16 . . O . . . . . . . . . . . . O O . .
15 . . . . . . . . . . . . . . . . . . .
14 . . . . . . . . . . . . . . . . . . .
13 . . . . . . . . . . . . . . . . . . .
12 . . . . . . . . . . . . . . . . O . .
11 . . . . . . . . . . . . . . . . . . .
10 . . . . . . . . . . . . . . . . O O .
 9 . . . . . . . . . . . . . . . . O X .
 8 . . . . . . . . . . . . . . . X X . .
 7 . . . . . . . . . . . . . . . . . . .
 6 . . . . . . . . . . . . . . . . . . .
 5 . . . . . . . . . . . . . X . . . . .
 4 . . . X . . . . . . . . O1O X X X X .
 3 . . . . . . . . . . . . . . O O O X .
 2 . . . . . . . . . . . . . . . . . O X2
 1 . . . . . . . . . . . . . . . . O3. .

koSIMPLEscoreAREAtaxNONEsui0whbNfpok1komi6.5
Root visits: 1
New playouts: 1
NN rows: 28
NN batches: 28
NN avg batch size: 1
PV: L3
Tree:
: T  20.72c W  20.05c S   0.67c ( +2.4 L  +1.5) N       1  --  L3
---Black(^)---

2025-06-26 15:54:18+0300: MoveNum: 29 HASH: 31B2958B45C9FAFCF33FE2680AB885C3
   A B C D E F G H J K L M N O P Q R S T
19 . . . . . . . . . . . . . . . . . . .
18 . . . . . . . . . . . . . . . . . . .
17 . . . . . . . . . . . . . X . X X . .
16 . . O . . . . . . . . . . . . O O . .
15 . . . . . . . . . . . . . . . . . . .
14 . . . . . . . . . . . . . . . . . . .
13 . . . . . . . . . . . . . . . . . . .
12 . . . . . . . . . . . . . . . . O . .
11 . . . . . . . . . . . . . . . . . . .
10 . . . . . . . . . . . . . . . . O O .
 9 . . . . . . . . . . . . . . . . O X .
 8 . . . . . . . . . . . . . . . X X . .
 7 . . . . . . . . . . . . . . . . . . .
 6 . . . . . . . . . . . . . . . . . . .
 5 . . . . . . . . . . . . . X . . . . .
 4 . . . X . . . . . . . . O O X X X X .
 3 . . . . . . X3. . . . . . . O O O X .
 2 . . . . . . . . . . . . . . . . . O X1
 1 . . . . . . . . . . . . . . . . O2. .

koSIMPLEscoreAREAtaxNONEsui0whbNfpok1komi6.5
Root visits: 1
New playouts: 1
NN rows: 29
NN batches: 29
NN avg batch size: 1
PV: P16
Tree:
: T  -6.57c W  -6.29c S  -0.28c ( -1.0 L  -0.5) N       1  --  P16
---White(^)---

2025-06-26 15:54:18+0300: MoveNum: 30 HASH: AD4686E4B7917A387E0DA058401EC648
   A B C D E F G H J K L M N O P Q R S T
19 . . . . . . . . . . . . . . . . . . .
18 . . . . . . . . . . . . . . . . . . .
17 . . . . . . . . . . . . . X . X X . .
16 . . O . . . . . . . . . . . . O O . .
15 . . . . . . . . . . . . . . . . . . .
14 . . . . . . . . . . . . . . . . . . .
13 . . . . . . . . . . . . . . . . . . .
12 . . . . . . . . . . . . . . . . O . .
11 . . . . . . . . . . . . . . . . . . .
10 . . . . . . . . . . . . . . . . O O .
 9 . . . . . . . . . . . . . . . . O X .
 8 . . . . . . . . . . . . . . . X X . .
 7 . . . . . . . . . . . . . . . . . . .
 6 . . . . . . . . . . . . . . . . . . .
 5 . . . . . . . . . . . . . X . . . . .
 4 . . . X . . . . . . . . O O X X X X .
 3 . . . . . . X2. O3. . . . . O O O X .
 2 . . . . . . . . . . . . . . . . . O X
 1 . . . . . . . . . . . . . . . . O1. .

koSIMPLEscoreAREAtaxNONEsui0whbNfpok1komi6.5
Root visits: 1
New playouts: 1
NN rows: 30
NN batches: 30
NN avg batch size: 1
PV: P16
Tree:
: T  24.10c W  23.34c S   0.76c ( +2.8 L  +1.8) N       1  --  P16
---Black(^)---

2025-06-26 15:54:18+0300: MoveNum: 31 HASH: E903D1EF87805155DBB0FBC81E34E7D5
   A B C D E F G H J K L M N O P Q R S T
19 . . . . . . . . . . . . . . . . . . .
18 . . . . . . . . . . . . . . . . . . .
17 . . . . . . . . . . . . . X . X X . .
16 . . O . X3. . . . . . . . . . O O . .
15 . . . . . . . . . . . . . . . . . . .
14 . . . . . . . . . . . . . . . . . . .
13 . . . . . . . . . . . . . . . . . . .
12 . . . . . . . . . . . . . . . . O . .
11 . . . . . . . . . . . . . . . . . . .
10 . . . . . . . . . . . . . . . . O O .
 9 . . . . . . . . . . . . . . . . O X .
 8 . . . . . . . . . . . . . . . X X . .
 7 . . . . . . . . . . . . . . . . . . .
 6 . . . . . . . . . . . . . . . . . . .
 5 . . . . . . . . . . . . . X . . . . .
 4 . . . X . . . . . . . . O O X X X X .
 3 . . . . . . X1. O2. . . . . O O O X .
 2 . . . . . . . . . . . . . . . . . O X
 1 . . . . . . . . . . . . . . . . O . .

koSIMPLEscoreAREAtaxNONEsui0whbNfpok1komi6.5
Root visits: 1
New playouts: 1
NN rows: 31
NN batches: 31
NN avg batch size: 1
PV: P16
Tree:
: T -17.82c W -17.22c S  -0.60c ( -2.2 L  -1.4) N       1  --  P16
---White(^)---

2025-06-26 15:54:18+0300: MoveNum: 32 HASH: 353FFA893E3779EC3D0226AEF248738E
   A B C D E F G H J K L M N O P Q R S T
19 . . . . . . . . . . . . . . . . . . .
18 . . . . . . . . . . . . . . . . . . .
17 . . . . O3. . . . . . . . X . X X . .
16 . . O . X2. . . . . . . . . . O O . .
15 . . . . . . . . . . . . . . . . . . .
14 . . . . . . . . . . . . . . . . . . .
13 . . . . . . . . . . . . . . . . . . .
12 . . . . . . . . . . . . . . . . O . .
11 . . . . . . . . . . . . . . . . . . .
10 . . . . . . . . . . . . . . . . O O .
 9 . . . . . . . . . . . . . . . . O X .
 8 . . . . . . . . . . . . . . . X X . .
 7 . . . . . . . . . . . . . . . . . . .
 6 . . . . . . . . . . . . . . . . . . .
 5 . . . . . . . . . . . . . X . . . . .
 4 . . . X . . . . . . . . O O X X X X .
 3 . . . . . . X . O1. . . . . O O O X .
 2 . . . . . . . . . . . . . . . . . O X
 1 . . . . . . . . . . . . . . . . O . .

koSIMPLEscoreAREAtaxNONEsui0whbNfpok1komi6.5
Root visits: 1
New playouts: 1
NN rows: 32
NN batches: 32
NN avg batch size: 1
PV: F17
Tree:
: T  23.14c W  22.40c S   0.74c ( +2.7 L  +1.7) N       1  --  F17
---Black(^)---

2025-06-26 15:54:18+0300: MoveNum: 33 HASH: 108C4DDF29111321F0FF2CB7A87594AF
   A B C D E F G H J K L M N O P Q R S T
19 . . . . . . . . . . . . . . . . . . .
18 . . . . . . . . . . . . . . . . . . .
17 . . . . O2X3. . . . . . . X . X X . .
16 . . O . X1. . . . . . . . . . O O . .
15 . . . . . . . . . . . . . . . . . . .
14 . . . . . . . . . . . . . . . . . . .
13 . . . . . . . . . . . . . . . . . . .
12 . . . . . . . . . . . . . . . . O . .
11 . . . . . . . . . . . . . . . . . . .
10 . . . . . . . . . . . . . . . . O O .
 9 . . . . . . . . . . . . . . . . O X .
 8 . . . . . . . . . . . . . . . X X . .
 7 . . . . . . . . . . . . . . . . . . .
 6 . . . . . . . . . . . . . . . . . . .
 5 . . . . . . . . . . . . . X . . . . .
 4 . . . X . . . . . . . . O O X X X X .
 3 . . . . . . X . O . . . . . O O O X .
 2 . . . . . . . . . . . . . . . . . O X
 1 . . . . . . . . . . . . . . . . O . .

koSIMPLEscoreAREAtaxNONEsui0whbNfpok1komi6.5
Root visits: 1
New playouts: 1
NN rows: 33
NN batches: 33
NN avg batch size: 1
PV: D17
Tree:
: T -21.83c W -21.13c S  -0.70c ( -2.6 L  -1.5) N       1  --  D17
---White(^)---

2025-06-26 15:54:18+0300: MoveNum: 34 HASH: 306EE6743251C8A45F277056744AED30
   A B C D E F G H J K L M N O P Q R S T
19 . . . . . . . . . . . . . . . . . . .
18 . . . . . . . . . . . . . . . . . . .
17 . . . O3O1X2. . . . . . . X . X X . .
16 . . O . X . . . . . . . . . . O O . .
15 . . . . . . . . . . . . . . . . . . .
14 . . . . . . . . . . . . . . . . . . .
13 . . . . . . . . . . . . . . . . . . .
12 . . . . . . . . . . . . . . . . O . .
11 . . . . . . . . . . . . . . . . . . .
10 . . . . . . . . . . . . . . . . O O .
 9 . . . . . . . . . . . . . . . . O X .
 8 . . . . . . . . . . . . . . . X X . .
 7 . . . . . . . . . . . . . . . . . . .
 6 . . . . . . . . . . . . . . . . . . .
 5 . . . . . . . . . . . . . X . . . . .
 4 . . . X . . . . . . . . O O X X X X .
 3 . . . . . . X . O . . . . . O O O X .
 2 . . . . . . . . . . . . . . . . . O X
 1 . . . . . . . . . . . . . . . . O . .

koSIMPLEscoreAREAtaxNONEsui0whbNfpok1komi6.5
Root visits: 1
New playouts: 1
NN rows: 34
NN batches: 34
NN avg batch size: 1
PV: P16
Tree:
: T  23.06c W  22.30c S   0.76c ( +2.8 L  +1.7) N       1  --  P16
---Black(^)---

2025-06-26 15:54:18+0300: MoveNum: 35 HASH: 84D9CE10A35C9C58EE339D7E5C8591EE
   A B C D E F G H J K L M N O P Q R S T
19 . . . . . . . . . . . . . . . . . . .
18 . . . . . . . . . . . . . . . . . . .
17 . . . O2O X1. . . . . . . X . X X . .
16 . . O . X X3. . . . . . . . . O O . .
15 . . . . . . . . . . . . . . . . . . .
14 . . . . . . . . . . . . . . . . . . .
13 . . . . . . . . . . . . . . . . . . .
12 . . . . . . . . . . . . . . . . O . .
11 . . . . . . . . . . . . . . . . . . .
10 . . . . . . . . . . . . . . . . O O .
 9 . . . . . . . . . . . . . . . . O X .
 8 . . . . . . . . . . . . . . . X X . .
 7 . . . . . . . . . . . . . . . . . . .
 6 . . . . . . . . . . . . . . . . . . .
 5 . . . . . . . . . . . . . X . . . . .
 4 . . . X . . . . . . . . O O X X X X .
 3 . . . . . . X . O . . . . . O O O X .
 2 . . . . . . . . . . . . . . . . . O X
 1 . . . . . . . . . . . . . . . . O . .

koSIMPLEscoreAREAtaxNONEsui0whbNfpok1komi6.5
Root visits: 1
New playouts: 1
NN rows: 35
NN batches: 35
NN avg batch size: 1
PV: P16
Tree:
: T  -7.72c W  -7.40c S  -0.32c ( -1.2 L  -0.6) N       1  --  P16
---White(^)---

2025-06-26 15:54:18+0300: MoveNum: 36 HASH: F385B9F6E269C5C62DA0531AAE075071
   A B C D E F G H J K L M N O P Q R S T
19 . . . . . . . . . . . . . . . . . . .
18 . . . . . . . . . . . . . . . . . . .
17 . . . O1O X . . . . . . . X . X X . .
16 . . O . X X2. . . . . . . . . O O . .
15 . . . . . . . . . . . . . . . . . . .
14 . . O3. . . . . . . . . . . . . . . .
13 . . . . . . . . . . . . . . . . . . .
12 . . . . . . . . . . . . . . . . O . .
11 . . . . . . . . . . . . . . . . . . .
10 . . . . . . . . . . . . . . . . O O .
 9 . . . . . . . . . . . . . . . . O X .
 8 . . . . . . . . . . . . . . . X X . .
 7 . . . . . . . . . . . . . . . . . . .
 6 . . . . . . . . . . . . . . . . . . .
 5 . . . . . . . . . . . . . X . . . . .
 4 . . . X . . . . . . . . O O X X X X .
 3 . . . . . . X . O . . . . . O O O X .
 2 . . . . . . . . . . . . . . . . . O X
 1 . . . . . . . . . . . . . . . . O . .

koSIMPLEscoreAREAtaxNONEsui0whbNfpok1komi6.5
Root visits: 1
New playouts: 1
NN rows: 36
NN batches: 36
NN avg batch size: 1
PV: P16
Tree:
: T  19.52c W  18.87c S   0.65c ( +2.4 L  +1.3) N       1  --  P16
---Black(^)---

2025-06-26 15:54:19+0300: MoveNum: 37 HASH: 308CC1F29B3206602C0C73AC4E9FEBC1
   A B C D E F G H J K L M N O P Q R S T
19 . . . . . . . . . . . . . . . . . . .
18 . . . . . . . . . . . . . . . . . . .
17 . . . O O X . . . X3. . . X . X X . .
16 . . O . X X1. . . . . . . . . O O . .
15 . . . . . . . . . . . . . . . . . . .
14 . . O2. . . . . . . . . . . . . . . .
13 . . . . . . . . . . . . . . . . . . .
12 . . . . . . . . . . . . . . . . O . .
11 . . . . . . . . . . . . . . . . . . .
10 . . . . . . . . . . . . . . . . O O .
 9 . . . . . . . . . . . . . . . . O X .
 8 . . . . . . . . . . . . . . . X X . .
 7 . . . . . . . . . . . . . . . . . . .
 6 . . . . . . . . . . . . . . . . . . .
 5 . . . . . . . . . . . . . X . . . . .
 4 . . . X . . . . . . . . O O X X X X .
 3 . . . . . . X . O . . . . . O O O X .
 2 . . . . . . . . . . . . . . . . . O X
 1 . . . . . . . . . . . . . . . . O . .

koSIMPLEscoreAREAtaxNONEsui0whbNfpok1komi6.5
Root visits: 1
New playouts: 1
NN rows: 37
NN batches: 37
NN avg batch size: 1
PV: P16
Tree:
: T   3.18c W   3.15c S   0.03c ( +0.1 L  +0.3) N       1  --  P16
---White(^)---

2025-06-26 15:54:19+0300: MoveNum: 38 HASH: 80EF56C2A6B513EC9AF3450007344250
   A B C D E F G H J K L M N O P Q R S T
19 . . . . . . . . . . . . . . . . . . .
18 . . . . . . . . . . . . . . . . . . .
17 . . . O O X . . . X2. O3. X . X X . .
16 . . O . X X . . . . . . . . . O O . .
15 . . . . . . . . . . . . . . . . . . .
14 . . O1. . . . . . . . . . . . . . . .
13 . . . . . . . . . . . . . . . . . . .
12 . . . . . . . . . . . . . . . . O . .
11 . . . . . . . . . . . . . . . . . . .
10 . . . . . . . . . . . . . . . . O O .
 9 . . . . . . . . . . . . . . . . O X .
 8 . . . . . . . . . . . . . . . X X . .
 7 . . . . . . . . . . . . . . . . . . .
 6 . . . . . . . . . . . . . . . . . . .
 5 . . . . . . . . . . . . . X . . . . .
 4 . . . X . . . . . . . . O O X X X X .
 3 . . . . . . X . O . . . . . O O O X .
 2 . . . . . . . . . . . . . . . . . O X
 1 . . . . . . . . . . . . . . . . O . .

koSIMPLEscoreAREAtaxNONEsui0whbNfpok1komi6.5
Root visits: 1
New playouts: 1
NN rows: 38
NN batches: 38
NN avg batch size: 1
PV: P16
Tree:
: T  39.30c W  37.98c S   1.32c ( +4.8 L  +3.3) N       1  --  P16
---Black(^)---

2025-06-26 15:54:19+0300: MoveNum: 39 HASH: 98BF3FB3EB8BC0AE157FE83B33FDDC82
   A B C D E F G H J K L M N O P Q R S T
19 . . . . . . . . . . . . . . . . . . .
18 . . . . . . . . . . . . . . . . . . .
17 . . . O O X . . . X1. O2. X . X X . .
16 . . O . X X . . . . . . X3. . O O . .
15 . . . . . . . . . . . . . . . . . . .
14 . . O . . . . . . . . . . . . . . . .
13 . . . . . . . . . . . . . . . . . . .
12 . . . . . . . . . . . . . . . . O . .
11 . . . . . . . . . . . . . . . . . . .
10 . . . . . . . . . . . . . . . . O O .
 9 . . . . . . . . . . . . . . . . O X .
 8 . . . . . . . . . . . . . . . X X . .
 7 . . . . . . . . . . . . . . . . . . .
 6 . . . . . . . . . . . . . . . . . . .
 5 . . . . . . . . . . . . . X . . . . .
 4 . . . X . . . . . . . . O O X X X X .
 3 . . . . . . X . O . . . . . O O O X .
 2 . . . . . . . . . . . . . . . . . O X
 1 . . . . . . . . . . . . . . . . O . .

koSIMPLEscoreAREAtaxNONEsui0whbNfpok1komi6.5
Root visits: 1
New playouts: 1
NN rows: 39
NN batches: 39
NN avg batch size: 1
PV: P16
Tree:
: T -15.13c W -14.62c S  -0.51c ( -1.9 L  -1.2) N       1  --  P16
---White(^)---

2025-06-26 15:54:19+0300: MoveNum: 40 HASH: F41B016CA3BE371620F3D9DFB98ED07D
   A B C D E F G H J K L M N O P Q R S T
19 . . . . . . . . . . . . . . . . . . .
18 . . . . . . . . . . . . . . . . . . .
17 . . . O O X . . . X . O1. X . X X . .
16 . . O . X X . . . . . O3X2. . O O . .
15 . . . . . . . . . . . . . . . . . . .
14 . . O . . . . . . . . . . . . . . . .
13 . . . . . . . . . . . . . . . . . . .
12 . . . . . . . . . . . . . . . . O . .
11 . . . . . . . . . . . . . . . . . . .
10 . . . . . . . . . . . . . . . . O O .
 9 . . . . . . . . . . . . . . . . O X .
 8 . . . . . . . . . . . . . . . X X . .
 7 . . . . . . . . . . . . . . . . . . .
 6 . . . . . . . . . . . . . . . . . . .
 5 . . . . . . . . . . . . . X . . . . .
 4 . . . X . . . . . . . . O O X X X X .
 3 . . . . . . X . O . . . . . O O O X .
 2 . . . . . . . . . . . . . . . . . O X
 1 . . . . . . . . . . . . . . . . O . .

koSIMPLEscoreAREAtaxNONEsui0whbNfpok1komi6.5
Root visits: 1
New playouts: 1
NN rows: 40
NN batches: 40
NN avg batch size: 1
PV: P16
Tree:
: T  13.86c W  13.41c S   0.45c ( +1.7 L  +0.9) N       1  --  P16
---Black(^)---

2025-06-26 15:54:19+0300: MoveNum: 41 HASH: 53F6611EBA7B29AD9BA4A75A33FBDAF5
   A B C D E F G H J K L M N O P Q R S T
19 . . . . . . . . . . . . . . . . . . .
18 . . . . . . . . . . . . . . . . . . .
17 . . . O O X . . . X . O . X . X X . .
16 . . O . X X . . . . . O2X1. . O O . .
15 . . . . . . . . . . . . . . . . . . .
14 . . O . . . . . . . . . X3. . . . . .
13 . . . . . . . . . . . . . . . . . . .
12 . . . . . . . . . . . . . . . . O . .
11 . . . . . . . . . . . . . . . . . . .
10 . . . . . . . . . . . . . . . . O O .
 9 . . . . . . . . . . . . . . . . O X .
 8 . . . . . . . . . . . . . . . X X . .
 7 . . . . . . . . . . . . . . . . . . .
 6 . . . . . . . . . . . . . . . . . . .
 5 . . . . . . . . . . . . . X . . . . .
 4 . . . X . . . . . . . . O O X X X X .
 3 . . . . . . X . O . . . . . O O O X .
 2 . . . . . . . . . . . . . . . . . O X
 1 . . . . . . . . . . . . . . . . O . .

koSIMPLEscoreAREAtaxNONEsui0whbNfpok1komi6.5
Root visits: 1
New playouts: 1
NN rows: 41
NN batches: 41
NN avg batch size: 1
PV: P16
Tree:
: T   7.94c W   7.71c S   0.22c ( +0.8 L  +0.6) N       1  --  P16
---White(^)---

2025-06-26 15:54:19+0300: MoveNum: 42 HASH: 84B89085ADD7E9B79BD9B1CEC005B557
   A B C D E F G H J K L M N O P Q R S T
19 . . . . . . . . . . . . . . . . . . .
18 . . . . . . . . . . . . . . . . . . .
17 . . . O O X . . . X . O . X . X X . .
16 . . O . X X . . . . . O1X . . O O . .
15 . . . . . . . . . . . O3. . . . . . .
14 . . O . . . . . . . . . X2. . . . . .
13 . . . . . . . . . . . . . . . . . . .
12 . . . . . . . . . . . . . . . . O . .
11 . . . . . . . . . . . . . . . . . . .
10 . . . . . . . . . . . . . . . . O O .
 9 . . . . . . . . . . . . . . . . O X .
 8 . . . . . . . . . . . . . . . X X . .
 7 . . . . . . . . . . . . . . . . . . .
 6 . . . . . . . . . . . . . . . . . . .
 5 . . . . . . . . . . . . . X . . . . .
 4 . . . X . . . . . . . . O O X X X X .
 3 . . . . . . X . O . . . . . O O O X .
 2 . . . . . . . . . . . . . . . . . O X
 1 . . . . . . . . . . . . . . . . O . .

koSIMPLEscoreAREAtaxNONEsui0whbNfpok1komi6.5
Root visits: 1
New playouts: 1
NN rows: 42
NN batches: 42
NN avg batch size: 1
PV: P16
Tree:
: T  10.41c W  10.09c S   0.32c ( +1.2 L  +0.5) N       1  --  P16
---Black(^)---

2025-06-26 15:54:19+0300: MoveNum: 43 HASH: 92BDB72A5D3497D7B125A78BB7D85015
   A B C D E F G H J K L M N O P Q R S T
19 . . . . . . . . . . . . . . . . . . .
18 . . . . . . . . . . . . . . . . . . .
17 . . . O O X . . . X . O . X . X X . .
16 . . O . X X . . . . . O X . . O O . .
15 . . . . . . . . . . . O2. . . . . . .
14 . . O . . . . . . . . . X1. . . . . .
13 . . . . . . . . . . . . . X3. . . . .
12 . . . . . . . . . . . . . . . . O . .
11 . . . . . . . . . . . . . . . . . . .
10 . . . . . . . . . . . . . . . . O O .
 9 . . . . . . . . . . . . . . . . O X .
 8 . . . . . . . . . . . . . . . X X . .
 7 . . . . . . . . . . . . . . . . . . .
 6 . . . . . . . . . . . . . . . . . . .
 5 . . . . . . . . . . . . . X . . . . .
 4 . . . X . . . . . . . . O O X X X X .
 3 . . . . . . X . O . . . . . O O O X .
 2 . . . . . . . . . . . . . . . . . O X
 1 . . . . . . . . . . . . . . . . O . .

koSIMPLEscoreAREAtaxNONEsui0whbNfpok1komi6.5
Root visits: 1
New playouts: 1
NN rows: 43
NN batches: 43
NN avg batch size: 1
PV: P16
Tree:
: T   2.16c W   2.15c S   0.01c ( +0.1 L  +0.1) N       1  --  P16
---White(^)---

2025-06-26 15:54:19+0300: MoveNum: 44 HASH: A9F253698067CA7A0D68597756419739
   A B C D E F G H J K L M N O P Q R S T
19 . . . . . . . . . . . . . . . . . . .
18 . . . . . . . . . . . . . . . . . . .
17 . . . O O X . . . X . O . X . X X . .
16 . . O . X X . . . . . O X . . O O . .
15 . . . . . . . . . . . O1O3. . . . . .
14 . . O . . . . . . . . . X . . . . . .
13 . . . . . . . . . . . . . X2. . . . .
12 . . . . . . . . . . . . . . . . O . .
11 . . . . . . . . . . . . . . . . . . .
10 . . . . . . . . . . . . . . . . O O .
 9 . . . . . . . . . . . . . . . . O X .
 8 . . . . . . . . . . . . . . . X X . .
 7 . . . . . . . . . . . . . . . . . . .
 6 . . . . . . . . . . . . . . . . . . .
 5 . . . . . . . . . . . . . X . . . . .
 4 . . . X . . . . . . . . O O X X X X .
 3 . . . . . . X . O . . . . . O O O X .
 2 . . . . . . . . . . . . . . . . . O X
 1 . . . . . . . . . . . . . . . . O . .

koSIMPLEscoreAREAtaxNONEsui0whbNfpok1komi6.5
Root visits: 1
New playouts: 1
NN rows: 44
NN batches: 44
NN avg batch size: 1
PV: P16
Tree:
: T  -4.14c W  -3.98c S  -0.17c ( -0.6 L  -0.5) N       1  --  P16
---Black(^)---

2025-06-26 15:54:19+0300: MoveNum: 45 HASH: 4C1F385FE0F5080D5B3B07DD389B9C7A
   A B C D E F G H J K L M N O P Q R S T
19 . . . . . . . . . . . . . . . . . . .
18 . . . . . . . . . . . . . . . . . . .
17 . . . O O X . . . X . O . X . X X . .
16 . . O . X X . . . . . O X . . O O . .
15 . . . . . . . . . . . O O2X3. . . . .
14 . . O . . . . . . . . . X . . . . . .
13 . . . . . . . . . . . . . X1. . . . .
12 . . . . . . . . . . . . . . . . O . .
11 . . . . . . . . . . . . . . . . . . .
10 . . . . . . . . . . . . . . . . O O .
 9 . . . . . . . . . . . . . . . . O X .
 8 . . . . . . . . . . . . . . . X X . .
 7 . . . . . . . . . . . . . . . . . . .
 6 . . . . . . . . . . . . . . . . . . .
 5 . . . . . . . . . . . . . X . . . . .
 4 . . . X . . . . . . . . O O X X X X .
 3 . . . . . . X . O . . . . . O O O X .
 2 . . . . . . . . . . . . . . . . . O X
 1 . . . . . . . . . . . . . . . . O . .

koSIMPLEscoreAREAtaxNONEsui0whbNfpok1komi6.5
Root visits: 1
New playouts: 1
NN rows: 45
NN batches: 45
NN avg batch size: 1
PV: M14
Tree:
: T  -5.44c W  -5.22c S  -0.22c ( -0.8 L  -0.5) N       1  --  M14
---White(^)---

2025-06-26 15:54:19+0300: MoveNum: 46 HASH: 62707A80029E1E07B411C104F2F7507F
   A B C D E F G H J K L M N O P Q R S T
19 . . . . . . . . . . . . . . . . . . .
18 . . . . . . . . . . . . . . . . . . .
17 . . . O O X . . . X . O . X . X X . .
16 . . O . X X . . . . . O X . . O O . .
15 . . . . . . . . . . . O O1X2. . . . .
14 . . O . . . . . . . . O3X . . . . . .
13 . . . . . . . . . . . . . X . . . . .
12 . . . . . . . . . . . . . . . . O . .
11 . . . . . . . . . . . . . . . . . . .
10 . . . . . . . . . . . . . . . . O O .
 9 . . . . . . . . . . . . . . . . O X .
 8 . . . . . . . . . . . . . . . X X . .
 7 . . . . . . . . . . . . . . . . . . .
 6 . . . . . . . . . . . . . . . . . . .
 5 . . . . . . . . . . . . . X . . . . .
 4 . . . X . . . . . . . . O O X X X X .
 3 . . . . . . X . O . . . . . O O O X .
 2 . . . . . . . . . . . . . . . . . O X
 1 . . . . . . . . . . . . . . . . O . .

koSIMPLEscoreAREAtaxNONEsui0whbNfpok1komi6.5
Root visits: 1
New playouts: 1
NN rows: 46
NN batches: 46
NN avg batch size: 1
PV: K15
Tree:
: T   6.17c W   5.99c S   0.18c ( +0.7 L  +0.2) N       1  --  K15
---Black(^)---

2025-06-26 15:54:19+0300: MoveNum: 47 HASH: 713419C5608F0CF93FBFB682BA68AE09
   A B C D E F G H J K L M N O P Q R S T
19 . . . . . . . . . . . . . . . . . . .
18 . . . . . . . . . . . . . . . . . . .
17 . . . O O X . . . X . O . X . X X . .
16 . . O . X X . . . . . O X . . O O . .
15 . . . . . . . . . . . O O X1. . . . .
14 . . O . . . . . . . . O2X . . . . . .
13 . . . . . . . . . . . X3. X . . . . .
12 . . . . . . . . . . . . . . . . O . .
11 . . . . . . . . . . . . . . . . . . .
10 . . . . . . . . . . . . . . . . O O .
 9 . . . . . . . . . . . . . . . . O X .
 8 . . . . . . . . . . . . . . . X X . .
 7 . . . . . . . . . . . . . . . . . . .
 6 . . . . . . . . . . . . . . . . . . .
 5 . . . . . . . . . . . . . X . . . . .
 4 . . . X . . . . . . . . O O X X X X .
 3 . . . . . . X . O . . . . . O O O X .
 2 . . . . . . . . . . . . . . . . . O X
 1 . . . . . . . . . . . . . . . . O . .

koSIMPLEscoreAREAtaxNONEsui0whbNfpok1komi6.5
Root visits: 1
New playouts: 1
NN rows: 47
NN batches: 47
NN avg batch size: 1
PV: L13
Tree:
: T  17.47c W  16.93c S   0.55c ( +2.0 L  +1.4) N       1  --  L13
---White(^)---

2025-06-26 15:54:19+0300: MoveNum: 48 HASH: EEFAB7345886E7885F60C2E6833A3018
   A B C D E F G H J K L M N O P Q R S T
19 . . . . . . . . . . . . . . . . . . .
18 . . . . . . . . . . . . . . . . . . .
17 . . . O O X . . . X . O . X . X X . .
16 . . O . X X . . . . . O X . . O O . .
15 . . . . . . . . . O3. O O X . . . . .
14 . . O . . . . . . . . O1X . . . . . .
13 . . . . . . . . . . . X2. X . . . . .
12 . . . . . . . . . . . . . . . . O . .
11 . . . . . . . . . . . . . . . . . . .
10 . . . . . . . . . . . . . . . . O O .
 9 . . . . . . . . . . . . . . . . O X .
 8 . . . . . . . . . . . . . . . X X . .
 7 . . . . . . . . . . . . . . . . . . .
 6 . . . . . . . . . . . . . . . . . . .
 5 . . . . . . . . . . . . . X . . . . .
 4 . . . X . . . . . . . . O O X X X X .
 3 . . . . . . X . O . . . . . O O O X .
 2 . . . . . . . . . . . . . . . . . O X
 1 . . . . . . . . . . . . . . . . O . .

koSIMPLEscoreAREAtaxNONEsui0whbNfpok1komi6.5
Root visits: 1
New playouts: 1
NN rows: 48
NN batches: 48
NN avg batch size: 1
PV: K13
Tree:
: T   7.96c W   7.68c S   0.27c ( +1.0 L  +0.5) N       1  --  K13
---Black(^)---

2025-06-26 15:54:19+0300: MoveNum: 49 HASH: 30C3F4F71EF665BF46E4EFD8C7FBAE50
   A B C D E F G H J K L M N O P Q R S T
19 . . . . . . . . . . . . . . . . . . .
18 . . . . . . . . . . . . . . . . . . .
17 . . . O O X . . . X . O . X . X X . .
16 . . O . X X . . X3. . O X . . O O . .
15 . . . . . . . . . O2. O O X . . . . .
14 . . O . . . . . . . . O X . . . . . .
13 . . . . . . . . . . . X1. X . . . . .
12 . . . . . . . . . . . . . . . . O . .
11 . . . . . . . . . . . . . . . . . . .
10 . . . . . . . . . . . . . . . . O O .
 9 . . . . . . . . . . . . . . . . O X .
 8 . . . . . . . . . . . . . . . X X . .
 7 . . . . . . . . . . . . . . . . . . .
 6 . . . . . . . . . . . . . . . . . . .
 5 . . . . . . . . . . . . . X . . . . .
 4 . . . X . . . . . . . . O O X X X X .
 3 . . . . . . X . O . . . . . O O O X .
 2 . . . . . . . . . . . . . . . . . O X
 1 . . . . . . . . . . . . . . . . O . .

koSIMPLEscoreAREAtaxNONEsui0whbNfpok1komi6.5
Root visits: 1
New playouts: 1
NN rows: 49
NN batches: 49
NN avg batch size: 1
PV: L13
Tree:
: T   9.69c W   9.40c S   0.29c ( +1.1 L  +0.8) N       1  --  L13
---White(^)---

2025-06-26 15:54:19+0300: MoveNum: 50 HASH: 2D036BA3ED5A78A365C25C5447B60186
   A B C D E F G H J K L M N O P Q R S T
19 . . . . . . . . . . . . . . . . . . .
18 . . . . . . . . . . . . . . . . . . .
17 . . . O O X . . . X . O . X . X X . .
16 . . O . X X . . X2. . O X . . O O . .
15 . . . . . . . . . O1. O O X . . . . .
14 . . O . . . . . . . . O X . . . . . .
13 . . . . . . . . . O3. X . X . . . . .
12 . . . . . . . . . . . . . . . . O . .
11 . . . . . . . . . . . . . . . . . . .
10 . . . . . . . . . . . . . . . . O O .
 9 . . . . . . . . . . . . . . . . O X .
 8 . . . . . . . . . . . . . . . X X . .
 7 . . . . . . . . . . . . . . . . . . .
 6 . . . . . . . . . . . . . . . . . . .
 5 . . . . . . . . . . . . . X . . . . .
 4 . . . X . . . . . . . . O O X X X X .
 3 . . . . . . X . O . . . . . O O O X .
 2 . . . . . . . . . . . . . . . . . O X
 1 . . . . . . . . . . . . . . . . O . .

koSIMPLEscoreAREAtaxNONEsui0whbNfpok1komi6.5
Root visits: 1
New playouts: 1
NN rows: 50
NN batches: 50
NN avg batch size: 1
PV: L13
Tree:
: T  15.60c W  15.08c S   0.52c ( +1.9 L  +1.0) N       1  --  L13
---Black(^)---

2025-06-26 15:54:19+0300: MoveNum: 51 HASH: 6048BBAB8B0FB97CBE28F1814471F0C0
   A B C D E F G H J K L M N O P Q R S T
19 . . . . . . . . . . . . . . . . . . .
18 . . . . . . . . . . . . . . . . . . .
17 . . . O O X . . . X . O . X . X X . .
16 . . O . X X . . X1. . O X . . O O . .
15 . . . . . . . . . O . O O X . . . . .
14 . . O . . . . . . . . O X . . . . . .
13 . . . . . . . . . O2X3X . X . . . . .
12 . . . . . . . . . . . . . . . . O . .
11 . . . . . . . . . . . . . . . . . . .
10 . . . . . . . . . . . . . . . . O O .
 9 . . . . . . . . . . . . . . . . O X .
 8 . . . . . . . . . . . . . . . X X . .
 7 . . . . . . . . . . . . . . . . . . .
 6 . . . . . . . . . . . . . . . . . . .
 5 . . . . . . . . . . . . . X . . . . .
 4 . . . X . . . . . . . . O O X X X X .
 3 . . . . . . X . O . . . . . O O O X .
 2 . . . . . . . . . . . . . . . . . O X
 1 . . . . . . . . . . . . . . . . O . .

koSIMPLEscoreAREAtaxNONEsui0whbNfpok1komi6.5
Root visits: 1
New playouts: 1
NN rows: 51
NN batches: 51
NN avg batch size: 1
PV: J15
Tree:
: T -18.04c W -17.44c S  -0.61c ( -2.3 L  -1.5) N       1  --  J15
---White(^)---

2025-06-26 15:54:19+0300: MoveNum: 52 HASH: D0134BA3865385042B55B2407BC0700E
   A B C D E F G H J K L M N O P Q R S T
19 . . . . . . . . . . . . . . . . . . .
18 . . . . . . . . . . . . . . . . . . .
17 . . . O O X . . . X . O . X . X X . .
16 . . O . X X . . X . . O X . . O O . .
15 . . . . . . . . . O . O O X . . . . .
14 . . O . . . . . . . O3O X . . . . . .
13 . . . . . . . . . O1X2X . X . . . . .
12 . . . . . . . . . . . . . . . . O . .
11 . . . . . . . . . . . . . . . . . . .
10 . . . . . . . . . . . . . . . . O O .
 9 . . . . . . . . . . . . . . . . O X .
 8 . . . . . . . . . . . . . . . X X . .
 7 . . . . . . . . . . . . . . . . . . .
 6 . . . . . . . . . . . . . . . . . . .
 5 . . . . . . . . . . . . . X . . . . .
 4 . . . X . . . . . . . . O O X X X X .
 3 . . . . . . X . O . . . . . O O O X .
 2 . . . . . . . . . . . . . . . . . O X
 1 . . . . . . . . . . . . . . . . O . .

koSIMPLEscoreAREAtaxNONEsui0whbNfpok1komi6.5
Root visits: 1
New playouts: 1
NN rows: 52
NN batches: 52
NN avg batch size: 1
PV: L3
Tree:
: T  34.91c W  33.73c S   1.18c ( +4.4 L  +2.7) N       1  --  L3
---Black(^)---

2025-06-26 15:54:19+0300: MoveNum: 53 HASH: 5C40AD2488769BB57AD5E734BA0BB5E3
   A B C D E F G H J K L M N O P Q R S T
19 . . . . . . . . . . . . . . . . . . .
18 . . . . . . . . . . . . . . . . . . .
17 . . . O O X . . . X . O . X . X X . .
16 . . O . X X . . X . . O X . . O O . .
15 . . . . . . . . . O . O O X . . . . .
14 . . O . . . . . X3. O2O X . . . . . .
13 . . . . . . . . . O X1X . X . . . . .
12 . . . . . . . . . . . . . . . . O . .
11 . . . . . . . . . . . . . . . . . . .
10 . . . . . . . . . . . . . . . . O O .
 9 . . . . . . . . . . . . . . . . O X .
 8 . . . . . . . . . . . . . . . X X . .
 7 . . . . . . . . . . . . . . . . . . .
 6 . . . . . . . . . . . . . . . . . . .
 5 . . . . . . . . . . . . . X . . . . .
 4 . . . X . . . . . . . . O O X X X X .
 3 . . . . . . X . O . . . . . O O O X .
 2 . . . . . . . . . . . . . . . . . O X
 1 . . . . . . . . . . . . . . . . O . .

koSIMPLEscoreAREAtaxNONEsui0whbNfpok1komi6.5
Root visits: 1
New playouts: 1
NN rows: 53
NN batches: 53
NN avg batch size: 1
PV: J15
Tree:
: T -17.34c W -16.75c S  -0.60c ( -2.2 L  -1.4) N       1  --  J15
---White(^)---

2025-06-26 15:54:20+0300: MoveNum: 54 HASH: 71A2185B3CC3550CD41111041CDD79C0
   A B C D E F G H J K L M N O P Q R S T
19 . . . . . . . . . . . . . . . . . . .
18 . . . . . . . . . . . . . . . . . . .
17 . . . O O X . . . X . O . X . X X . .
16 . . O . X X . . X . . O X . . O O . .
15 . . . . . . . . . O . O O X . . . . .
14 . . O . . . . . X2O3O1O X . . . . . .
13 . . . . . . . . . O X X . X . . . . .
12 . . . . . . . . . . . . . . . . O . .
11 . . . . . . . . . . . . . . . . . . .
10 . . . . . . . . . . . . . . . . O O .
 9 . . . . . . . . . . . . . . . . O X .
 8 . . . . . . . . . . . . . . . X X . .
 7 . . . . . . . . . . . . . . . . . . .
 6 . . . . . . . . . . . . . . . . . . .
 5 . . . . . . . . . . . . . X . . . . .
 4 . . . X . . . . . . . . O O X X X X .
 3 . . . . . . X . O . . . . . O O O X .
 2 . . . . . . . . . . . . . . . . . O X
 1 . . . . . . . . . . . . . . . . O . .

koSIMPLEscoreAREAtaxNONEsui0whbNfpok1komi6.5
Root visits: 1
New playouts: 1
NN rows: 54
NN batches: 54
NN avg batch size: 1
PV: L3
Tree:
: T  50.23c W  48.54c S   1.68c ( +6.3 L  +4.2) N       1  --  L3
---Black(^)---

2025-06-26 15:54:20+0300: MoveNum: 55 HASH: C78943BF834C353020694C7220FB1B43
   A B C D E F G H J K L M N O P Q R S T
19 . . . . . . . . . . . . . . . . . . .
18 . . . . . . . . . . . . . . . . . . .
17 . . . O O X . . . X . O . X . X X . .
16 . . O . X X . . X . . O X . . O O . .
15 . . . . . . . . . O . O O X . . . . .
14 . . O . . . . . X1O2O O X . . . X3. .
13 . . . . . . . . . O X X . X . . . . .
12 . . . . . . . . . . . . . . . . O . .
11 . . . . . . . . . . . . . . . . . . .
10 . . . . . . . . . . . . . . . . O O .
 9 . . . . . . . . . . . . . . . . O X .
 8 . . . . . . . . . . . . . . . X X . .
 7 . . . . . . . . . . . . . . . . . . .
 6 . . . . . . . . . . . . . . . . . . .
 5 . . . . . . . . . . . . . X . . . . .
 4 . . . X . . . . . . . . O O X X X X .
 3 . . . . . . X . O . . . . . O O O X .
 2 . . . . . . . . . . . . . . . . . O X
 1 . . . . . . . . . . . . . . . . O . .

koSIMPLEscoreAREAtaxNONEsui0whbNfpok1komi6.5
Root visits: 1
New playouts: 1
NN rows: 55
NN batches: 55
NN avg batch size: 1
PV: P16
Tree:
: T -39.75c W -38.43c S  -1.33c ( -5.0 L  -3.7) N       1  --  P16
---White(^)---

2025-06-26 15:54:20+0300: MoveNum: 56 HASH: 8C016B1BD764CD1D8BDA16A6E9969CA4
   A B C D E F G H J K L M N O P Q R S T
19 . . . . . . . . . . . . . . . . . . .
18 . . . . . . . . . . . . . . . . . . .
17 . . . O O X . . . X . O . X . X X . .
16 . . O . X X . . X . . O X . . O O . .
15 . . . . . . . . . O . O O X . . . . .
14 . . O . . . . . X O1O O X . . O3X2. .
13 . . . . . . . . . O X X . X . . . . .
12 . . . . . . . . . . . . . . . . O . .
11 . . . . . . . . . . . . . . . . . . .
10 . . . . . . . . . . . . . . . . O O .
 9 . . . . . . . . . . . . . . . . O X .
 8 . . . . . . . . . . . . . . . X X . .
 7 . . . . . . . . . . . . . . . . . . .
 6 . . . . . . . . . . . . . . . . . . .
 5 . . . . . . . . . . . . . X . . . . .
 4 . . . X . . . . . . . . O O X X X X .
 3 . . . . . . X . O . . . . . O O O X .
 2 . . . . . . . . . . . . . . . . . O X
 1 . . . . . . . . . . . . . . . . O . .

koSIMPLEscoreAREAtaxNONEsui0whbNfpok1komi6.5
Root visits: 1
New playouts: 1
NN rows: 56
NN batches: 56
NN avg batch size: 1
PV: Q13
Tree:
: T  38.67c W  37.39c S   1.28c ( +4.7 L  +2.8) N       1  --  Q13
---Black(^)---

2025-06-26 15:54:20+0300: MoveNum: 57 HASH: 1583923BB9C8D298E9B94EB56FBFC190
   A B C D E F G H J K L M N O P Q R S T
19 . . . . . . . . . . . . . . . . . . .
18 . . . . . . . . . . . . . . . . . . .
17 . . . O O X . . . X . O . X . X X . .
16 . . O . X X . . X . . O X . . O O . .
15 . . . . . . . . . O . O O X . . . X3.
14 . . O . . . . . X O O O X . . O2X1. .
13 . . . . . . . . . O X X . X . . . . .
12 . . . . . . . . . . . . . . . . O . .
11 . . . . . . . . . . . . . . . . . . .
10 . . . . . . . . . . . . . . . . O O .
 9 . . . . . . . . . . . . . . . . O X .
 8 . . . . . . . . . . . . . . . X X . .
 7 . . . . . . . . . . . . . . . . . . .
 6 . . . . . . . . . . . . . . . . . . .
 5 . . . . . . . . . . . . . X . . . . .
 4 . . . X . . . . . . . . O O X X X X .
 3 . . . . . . X . O . . . . . O O O X .
 2 . . . . . . . . . . . . . . . . . O X
 1 . . . . . . . . . . . . . . . . O . .

koSIMPLEscoreAREAtaxNONEsui0whbNfpok1komi6.5
Root visits: 1
New playouts: 1
NN rows: 57
NN batches: 57
NN avg batch size: 1
PV: S16
Tree:
: T   1.11c W   1.11c S   0.00c ( +0.0 L  +0.3) N       1  --  S16
---White(^)---

2025-06-26 15:54:20+0300: MoveNum: 58 HASH: 2A66ADF7E34480C016F59E19A6421B49
   A B C D E F G H J K L M N O P Q R S T
19 . . . . . . . . . . . . . . . . . . .
18 . . . . . . . . . . . . . . . . . . .
17 . . . O O X . . . X . O . X . X X . .
16 . . O . X X . . X . . O X . . O O O3.
15 . . . . . . . . . O . O O X . . . X2.
14 . . O . . . . . X O O O X . . O1X . .
13 . . . . . . . . . O X X . X . . . . .
12 . . . . . . . . . . . . . . . . O . .
11 . . . . . . . . . . . . . . . . . . .
10 . . . . . . . . . . . . . . . . O O .
 9 . . . . . . . . . . . . . . . . O X .
 8 . . . . . . . . . . . . . . . X X . .
 7 . . . . . . . . . . . . . . . . . . .
 6 . . . . . . . . . . . . . . . . . . .
 5 . . . . . . . . . . . . . X . . . . .
 4 . . . X . . . . . . . . O O X X X X .
 3 . . . . . . X . O . . . . . O O O X .
 2 . . . . . . . . . . . . . . . . . O X
 1 . . . . . . . . . . . . . . . . O . .

koSIMPLEscoreAREAtaxNONEsui0whbNfpok1komi6.5
Root visits: 1
New playouts: 1
NN rows: 58
NN batches: 58
NN avg batch size: 1
PV: Q13
Tree:
: T  13.59c W  13.13c S   0.46c ( +1.7 L  +0.7) N       1  --  Q13
---Black(^)---

2025-06-26 15:54:20+0300: MoveNum: 59 HASH: C8F435A53270A180251A6F0FCF7B36BF
   A B C D E F G H J K L M N O P Q R S T
19 . . . . . . . . . . . . . . . . . . .
18 . . . . . . . . . . . . . . . . . . .
17 . . . O O X . . . X . O . X . X X . .
16 . . O . X X . . X . . O X . . O O O2.
15 . . . . . . . . . O . O O X . . . X1.
14 . . O . . . . . X O O O X . . O X . .
13 . . . . . . . . . O X X . X . . X3. .
12 . . . . . . . . . . . . . . . . O . .
11 . . . . . . . . . . . . . . . . . . .
10 . . . . . . . . . . . . . . . . O O .
 9 . . . . . . . . . . . . . . . . O X .
 8 . . . . . . . . . . . . . . . X X . .
 7 . . . . . . . . . . . . . . . . . . .
 6 . . . . . . . . . . . . . . . . . . .
 5 . . . . . . . . . . . . . X . . . . .
 4 . . . X . . . . . . . . O O X X X X .
 3 . . . . . . X . O . . . . . O O O X .
 2 . . . . . . . . . . . . . . . . . O X
 1 . . . . . . . . . . . . . . . . O . .

koSIMPLEscoreAREAtaxNONEsui0whbNfpok1komi6.5
Root visits: 1
New playouts: 1
NN rows: 59
NN batches: 59
NN avg batch size: 1
PV: Q13
Tree:
: T  30.09c W  29.01c S   1.08c ( +4.1 L  +3.8) N       1  --  Q13
---White(^)---

2025-06-26 15:54:20+0300: MoveNum: 60 HASH: 13F217E31E191D27596764970C12FDC6
   A B C D E F G H J K L M N O P Q R S T
19 . . . . . . . . . . . . . . . . . . .
18 . . . . . . . . . . . . . . . . . . .
17 . . . O O X . . . X . O . X . X X . .
16 . . O . X X . . X . . O X . . O O O1.
15 . . . . . . . . . O . O O X . . . X .
14 . . O . . . . . X O O O X . . O X . .
13 . . . . . . . . . O X X . X . O3X2. .
12 . . . . . . . . . . . . . . . . O . .
11 . . . . . . . . . . . . . . . . . . .
10 . . . . . . . . . . . . . . . . O O .
 9 . . . . . . . . . . . . . . . . O X .
 8 . . . . . . . . . . . . . . . X X . .
 7 . . . . . . . . . . . . . . . . . . .
 6 . . . . . . . . . . . . . . . . . . .
 5 . . . . . . . . . . . . . X . . . . .
 4 . . . X . . . . . . . . O O X X X X .
 3 . . . . . . X . O . . . . . O O O X .
 2 . . . . . . . . . . . . . . . . . O X
 1 . . . . . . . . . . . . . . . . O . .

koSIMPLEscoreAREAtaxNONEsui0whbNfpok1komi6.5
Root visits: 1
New playouts: 1
NN rows: 60
NN batches: 60
NN avg batch size: 1
PV: S17
Tree:
: T -24.53c W -23.72c S  -0.81c ( -3.0 L  -2.6) N       1  --  S17
---Black(^)---

2025-06-26 15:54:20+0300: MoveNum: 61 HASH: 73921A086042E85A53D5DC86F9C171A2
   A B C D E F G H J K L M N O P Q R S T
19 . . . . . . . . . . . . . . . . . . .
18 . . . . . . . . . . . . . . . . . . .
17 . . . O O X . . . X . O . X . X X . .
16 . . O . X X . . X . . O X . . O O O .
15 . . . . . . . . . O . O O X . . . X .
14 . . O . . . . . X O O O X . . O X . .
13 . . . . . . . . . O X X . X . O2X1. .
12 . . . . . . . . . . . . . . . X3O . .
11 . . . . . . . . . . . . . . . . . . .
10 . . . . . . . . . . . . . . . . O O .
 9 . . . . . . . . . . . . . . . . O X .
 8 . . . . . . . . . . . . . . . X X . .
 7 . . . . . . . . . . . . . . . . . . .
 6 . . . . . . . . . . . . . . . . . . .
 5 . . . . . . . . . . . . . X . . . . .
 4 . . . X . . . . . . . . O O X X X X .
 3 . . . . . . X . O . . . . . O O O X .
 2 . . . . . . . . . . . . . . . . . O X
 1 . . . . . . . . . . . . . . . . O . .

koSIMPLEscoreAREAtaxNONEsui0whbNfpok1komi6.5
Root visits: 1
New playouts: 1
NN rows: 61
NN batches: 61
NN avg batch size: 1
PV: P12
Tree:
: T  40.75c W  39.36c S   1.39c ( +5.2 L  +4.3) N       1  --  P12
---White(^)---

2025-06-26 15:54:20+0300: MoveNum: 62 HASH: A3FF22A695D437746103D18E01B36881
   A B C D E F G H J K L M N O P Q R S T
19 . . . . . . . . . . . . . . . . . . .
18 . . . . . . . . . . . . . . . . . . .
17 . . . O O X . . . X . O . X . X X . .
16 . . O . X X . . X . . O X . . O O O .
15 . . . . . . . . . O . O O X . . . X .
14 . . O . . . . . X O O O X . . O X . .
13 . . . . . . . . . O X X . X . O1X O3.
12 . . . . . . . . . . . . . . . X2O . .
11 . . . . . . . . . . . . . . . . . . .
10 . . . . . . . . . . . . . . . . O O .
 9 . . . . . . . . . . . . . . . . O X .
 8 . . . . . . . . . . . . . . . X X . .
 7 . . . . . . . . . . . . . . . . . . .
 6 . . . . . . . . . . . . . . . . . . .
 5 . . . . . . . . . . . . . X . . . . .
 4 . . . X . . . . . . . . O O X X X X .
 3 . . . . . . X . O . . . . . O O O X .
 2 . . . . . . . . . . . . . . . . . O X
 1 . . . . . . . . . . . . . . . . O . .

koSIMPLEscoreAREAtaxNONEsui0whbNfpok1komi6.5
Root visits: 1
New playouts: 1
NN rows: 62
NN batches: 62
NN avg batch size: 1
PV: S12
Tree:
: T  -3.09c W  -3.02c S  -0.06c ( -0.2 L  -0.7) N       1  --  S12
---Black(^)---

2025-06-26 15:54:20+0300: MoveNum: 63 HASH: AA4C3372DF55AAA717A5C488E4D5EEAB
   A B C D E F G H J K L M N O P Q R S T
19 . . . . . . . . . . . . . . . . . . .
18 . . . . . . . . . . . . . . . . . . .
17 . . . O O X . . . X . O . X . X X . .
16 . . O . X X . . X . . O X . . O O O .
15 . . . . . . . . . O . O O X . X3. X .
14 . . O . . . . . X O O O X . . O X . .
13 . . . . . . . . . O X X . X . O X O2.
12 . . . . . . . . . . . . . . . X1O . .
11 . . . . . . . . . . . . . . . . . . .
10 . . . . . . . . . . . . . . . . O O .
 9 . . . . . . . . . . . . . . . . O X .
 8 . . . . . . . . . . . . . . . X X . .
 7 . . . . . . . . . . . . . . . . . . .
 6 . . . . . . . . . . . . . . . . . . .
 5 . . . . . . . . . . . . . X . . . . .
 4 . . . X . . . . . . . . O O X X X X .
 3 . . . . . . X . O . . . . . O O O X .
 2 . . . . . . . . . . . . . . . . . O X
 1 . . . . . . . . . . . . . . . . O . .

koSIMPLEscoreAREAtaxNONEsui0whbNfpok1komi6.5
Root visits: 1
New playouts: 1
NN rows: 63
NN batches: 63
NN avg batch size: 1
PV: R15
Tree:
: T  45.47c W  43.89c S   1.58c ( +5.9 L  +4.8) N       1  --  R15
---White(^)---

2025-06-26 15:54:20+0300: MoveNum: 64 HASH: F2E57DBEBB8277459E6ED115802C8D08
   A B C D E F G H J K L M N O P Q R S T
19 . . . . . . . . . . . . . . . . . . .
18 . . . . . . . . . . . . . . . . . . .
17 . . . O O X . . . X . O . X . X X . .
16 . . O . X X . . X . . O X . . O O O .
15 . . . . . . . . . O . O O X . X2O3X .
14 . . O . . . . . X O O O X . . O X . .
13 . . . . . . . . . O X X . X . O X O1.
12 . . . . . . . . . . . . . . . X O . .
11 . . . . . . . . . . . . . . . . . . .
10 . . . . . . . . . . . . . . . . O O .
 9 . . . . . . . . . . . . . . . . O X .
 8 . . . . . . . . . . . . . . . X X . .
 7 . . . . . . . . . . . . . . . . . . .
 6 . . . . . . . . . . . . . . . . . . .
 5 . . . . . . . . . . . . . X . . . . .
 4 . . . X . . . . . . . . O O X X X X .
 3 . . . . . . X . O . . . . . O O O X .
 2 . . . . . . . . . . . . . . . . . O X
 1 . . . . . . . . . . . . . . . . O . .

koSIMPLEscoreAREAtaxNONEsui0whbNfpok1komi6.5
Root visits: 1
New playouts: 1
NN rows: 64
NN batches: 64
NN avg batch size: 1
PV: L3
Tree:
: T -76.59c W -73.84c S  -2.76c (-10.3 L  -8.7) N       1  --  L3
---Black(^)---

2025-06-26 15:54:20+0300: MoveNum: 65 HASH: 754575F18F7616BF5D10324FA0B464EA
   A B C D E F G H J K L M N O P Q R S T
19 . . . . . . . . . . . . . . . . . . .
18 . . . . . . . . . . . . . . . . . . .
17 . . . O O X . . . X . O . X . X X . .
16 . . O . X X . . X . . O X . . O O O .
15 . . . . . . . . . O . O O X . X1O2X .
14 . . O . . . . . X O O O X . X3O X . .
13 . . . . . . . . . O X X . X . O X O .
12 . . . . . . . . . . . . . . . X O . .
11 . . . . . . . . . . . . . . . . . . .
10 . . . . . . . . . . . . . . . . O O .
 9 . . . . . . . . . . . . . . . . O X .
 8 . . . . . . . . . . . . . . . X X . .
 7 . . . . . . . . . . . . . . . . . . .
 6 . . . . . . . . . . . . . . . . . . .
 5 . . . . . . . . . . . . . X . . . . .
 4 . . . X . . . . . . . . O O X X X X .
 3 . . . . . . X . O . . . . . O O O X .
 2 . . . . . . . . . . . . . . . . . O X
 1 . . . . . . . . . . . . . . . . O . .

koSIMPLEscoreAREAtaxNONEsui0whbNfpok1komi6.5
Root visits: 1
New playouts: 1
NN rows: 65
NN batches: 65
NN avg batch size: 1
PV: S14
Tree:
: T  88.77c W  84.98c S   3.80c (+14.1 L +12.5) N       1  --  S14
---White(^)---

2025-06-26 15:54:20+0300: MoveNum: 66 HASH: 0C7BD4E68DB348D24D32AC984941862E
   A B C D E F G H J K L M N O P Q R S T
19 . . . . . . . . . . . . . . . . . . .
18 . . . . . . . . . . . . . . . . . . .
17 . . . O O X . . . X . O . X . X X . .
16 . . O . X X . . X . . O X . . O O O .
15 . . . . . . . . . O . O O X . X O1X .
14 . . O . . . . . X O O O X . X2O . O3.
13 . . . . . . . . . O X X . X . O . O .
12 . . . . . . . . . . . . . . . X O . .
11 . . . . . . . . . . . . . . . . . . .
10 . . . . . . . . . . . . . . . . O O .
 9 . . . . . . . . . . . . . . . . O X .
 8 . . . . . . . . . . . . . . . X X . .
 7 . . . . . . . . . . . . . . . . . . .
 6 . . . . . . . . . . . . . . . . . . .
 5 . . . . . . . . . . . . . X . . . . .
 4 . . . X . . . . . . . . O O X X X X .
 3 . . . . . . X . O . . . . . O O O X .
 2 . . . . . . . . . . . . . . . . . O X
 1 . . . . . . . . . . . . . . . . O . .

koSIMPLEscoreAREAtaxNONEsui0whbNfpok1komi6.5
Root visits: 1
New playouts: 1
NN rows: 66
NN batches: 66
NN avg batch size: 1
PV: L3
Tree:
: T -94.19c W -90.07c S  -4.13c (-15.0 L -12.8) N       1  --  L3
---Black(^)---

2025-06-26 15:54:20+0300: MoveNum: 67 HASH: A3315A38884B3858E36F52175E0B429C
   A B C D E F G H J K L M N O P Q R S T
19 . . . . . . . . . . . . . . . . . . .
18 . . . . . . . . . . . . . . . . . . .
17 . . . O O X . . . X . O . X . X X . .
16 . . O . X X . . X . . O X . X3O O O .
15 . . . . . . . . . O . O O X . X O X .
14 . . O . . . . . X O O O X . X1O . O2.
13 . . . . . . . . . O X X . X . O . O .
12 . . . . . . . . . . . . . . . X O . .
11 . . . . . . . . . . . . . . . . . . .
10 . . . . . . . . . . . . . . . . O O .
 9 . . . . . . . . . . . . . . . . O X .
 8 . . . . . . . . . . . . . . . X X . .
 7 . . . . . . . . . . . . . . . . . . .
 6 . . . . . . . . . . . . . . . . . . .
 5 . . . . . . . . . . . . . X . . . . .
 4 . . . X . . . . . . . . O O X X X X .
 3 . . . . . . X . O . . . . . O O O X .
 2 . . . . . . . . . . . . . . . . . O X
 1 . . . . . . . . . . . . . . . . O . .

koSIMPLEscoreAREAtaxNONEsui0whbNfpok1komi6.5
Root visits: 1
New playouts: 1
NN rows: 67
NN batches: 67
NN avg batch size: 1
PV: J15
Tree:
: T 100.41c W  95.51c S   4.90c (+17.4 L +16.4) N       1  --  J15
---White(^)---

